{'weight_decay': 0, 'optim': 'SGD', 'dropout': True, 'batch_size': 50, 'filename': 'models/sgd_vanilla_lr_0.001', 'weight_norm': False, 'train_len': 15000, 'nb_epochs': 100, 'learning_rate': 0.001, 'momentum': 0.9, 'batch_norm': False}
Epoch 1 | 100
Train loss: 0.8491 -- Train acc: 0.5538 -- Val acc: 0.5448 -- Test acc: 0.5586
Epoch 2 | 100
Train loss: 0.6756 -- Train acc: 0.6050 -- Val acc: 0.6020 -- Test acc: 0.6114
Epoch 3 | 100
Train loss: 0.6605 -- Train acc: 0.6188 -- Val acc: 0.6274 -- Test acc: 0.6302
Epoch 4 | 100
Train loss: 0.6502 -- Train acc: 0.6331 -- Val acc: 0.6292 -- Test acc: 0.6450
Epoch 5 | 100
Train loss: 0.6432 -- Train acc: 0.6340 -- Val acc: 0.6420 -- Test acc: 0.6446
Epoch 6 | 100
Train loss: 0.6380 -- Train acc: 0.6342 -- Val acc: 0.6150 -- Test acc: 0.6222
Epoch 7 | 100
Train loss: 0.6344 -- Train acc: 0.6553 -- Val acc: 0.6482 -- Test acc: 0.6564
Epoch 8 | 100
Train loss: 0.6297 -- Train acc: 0.6544 -- Val acc: 0.6328 -- Test acc: 0.6444
Epoch 9 | 100
Train loss: 0.6200 -- Train acc: 0.6597 -- Val acc: 0.6618 -- Test acc: 0.6642
Epoch 10 | 100
Train loss: 0.6205 -- Train acc: 0.6645 -- Val acc: 0.6530 -- Test acc: 0.6622
Epoch 11 | 100
Train loss: 0.6180 -- Train acc: 0.6590 -- Val acc: 0.6770 -- Test acc: 0.6718
Epoch 12 | 100
Train loss: 0.6139 -- Train acc: 0.6700 -- Val acc: 0.6458 -- Test acc: 0.6598
Epoch 13 | 100
Train loss: 0.6081 -- Train acc: 0.6611 -- Val acc: 0.6682 -- Test acc: 0.6684
Epoch 14 | 100
Train loss: 0.6070 -- Train acc: 0.6509 -- Val acc: 0.6278 -- Test acc: 0.6414
Epoch 15 | 100
Train loss: 0.6045 -- Train acc: 0.6821 -- Val acc: 0.6826 -- Test acc: 0.6872
Epoch 16 | 100
Train loss: 0.6040 -- Train acc: 0.6875 -- Val acc: 0.6744 -- Test acc: 0.6844
Epoch 17 | 100
Train loss: 0.6002 -- Train acc: 0.6837 -- Val acc: 0.6868 -- Test acc: 0.6882
Epoch 18 | 100
Train loss: 0.5951 -- Train acc: 0.6957 -- Val acc: 0.6888 -- Test acc: 0.6968
Epoch 19 | 100
Train loss: 0.5939 -- Train acc: 0.6863 -- Val acc: 0.6858 -- Test acc: 0.6956
Epoch 20 | 100
Train loss: 0.5898 -- Train acc: 0.6862 -- Val acc: 0.6778 -- Test acc: 0.6758
Epoch 21 | 100
Train loss: 0.5897 -- Train acc: 0.6756 -- Val acc: 0.6584 -- Test acc: 0.6622
Epoch 22 | 100
Train loss: 0.5875 -- Train acc: 0.6933 -- Val acc: 0.6882 -- Test acc: 0.6984
Epoch 23 | 100
Train loss: 0.5866 -- Train acc: 0.6949 -- Val acc: 0.6750 -- Test acc: 0.6828
Epoch 24 | 100
Train loss: 0.5819 -- Train acc: 0.7035 -- Val acc: 0.6912 -- Test acc: 0.7022
Epoch 25 | 100
Train loss: 0.5781 -- Train acc: 0.7039 -- Val acc: 0.6992 -- Test acc: 0.7086
Epoch 26 | 100
Train loss: 0.5770 -- Train acc: 0.7091 -- Val acc: 0.7014 -- Test acc: 0.7062
Epoch 27 | 100
Train loss: 0.5748 -- Train acc: 0.7077 -- Val acc: 0.6996 -- Test acc: 0.6992
Epoch 28 | 100
Train loss: 0.5738 -- Train acc: 0.6833 -- Val acc: 0.6890 -- Test acc: 0.6972
Epoch 29 | 100
Train loss: 0.5726 -- Train acc: 0.7131 -- Val acc: 0.7068 -- Test acc: 0.7174
Epoch 30 | 100
Train loss: 0.5699 -- Train acc: 0.7053 -- Val acc: 0.6966 -- Test acc: 0.6964
Epoch 31 | 100
Train loss: 0.5682 -- Train acc: 0.7163 -- Val acc: 0.7012 -- Test acc: 0.7082
Epoch 32 | 100
Train loss: 0.5657 -- Train acc: 0.7133 -- Val acc: 0.7076 -- Test acc: 0.7168
Epoch 33 | 100
Train loss: 0.5636 -- Train acc: 0.7009 -- Val acc: 0.6950 -- Test acc: 0.6988
Epoch 34 | 100
Train loss: 0.5615 -- Train acc: 0.7071 -- Val acc: 0.7004 -- Test acc: 0.7122
Epoch 35 | 100
Train loss: 0.5605 -- Train acc: 0.7137 -- Val acc: 0.7036 -- Test acc: 0.7096
Epoch 36 | 100
Train loss: 0.5598 -- Train acc: 0.7205 -- Val acc: 0.7122 -- Test acc: 0.7258
Epoch 37 | 100
Train loss: 0.5576 -- Train acc: 0.7061 -- Val acc: 0.6974 -- Test acc: 0.6972
Epoch 38 | 100
Train loss: 0.5564 -- Train acc: 0.7253 -- Val acc: 0.7136 -- Test acc: 0.7246
Epoch 39 | 100
Train loss: 0.5560 -- Train acc: 0.7269 -- Val acc: 0.7204 -- Test acc: 0.7276
Epoch 40 | 100
Train loss: 0.5526 -- Train acc: 0.7297 -- Val acc: 0.7188 -- Test acc: 0.7296
Epoch 41 | 100
Train loss: 0.5515 -- Train acc: 0.7247 -- Val acc: 0.7186 -- Test acc: 0.7206
Epoch 42 | 100
Train loss: 0.5497 -- Train acc: 0.7309 -- Val acc: 0.7166 -- Test acc: 0.7340
Epoch 43 | 100
Train loss: 0.5506 -- Train acc: 0.7325 -- Val acc: 0.7174 -- Test acc: 0.7318
Epoch 44 | 100
Train loss: 0.5445 -- Train acc: 0.7167 -- Val acc: 0.7070 -- Test acc: 0.7122
Epoch 45 | 100
Train loss: 0.5449 -- Train acc: 0.7358 -- Val acc: 0.7240 -- Test acc: 0.7298
Epoch 46 | 100
Train loss: 0.5427 -- Train acc: 0.7323 -- Val acc: 0.7196 -- Test acc: 0.7374
Epoch 47 | 100
Train loss: 0.5430 -- Train acc: 0.7395 -- Val acc: 0.7234 -- Test acc: 0.7354
Epoch 48 | 100
Train loss: 0.5433 -- Train acc: 0.7309 -- Val acc: 0.7122 -- Test acc: 0.7236
Epoch 49 | 100
Train loss: 0.5391 -- Train acc: 0.7350 -- Val acc: 0.7250 -- Test acc: 0.7326
Epoch 50 | 100
Train loss: 0.5393 -- Train acc: 0.7387 -- Val acc: 0.7242 -- Test acc: 0.7424
Epoch 51 | 100
Train loss: 0.5400 -- Train acc: 0.7438 -- Val acc: 0.7254 -- Test acc: 0.7348
Epoch 52 | 100
Train loss: 0.5351 -- Train acc: 0.7387 -- Val acc: 0.7296 -- Test acc: 0.7400
Epoch 53 | 100
Train loss: 0.5327 -- Train acc: 0.7408 -- Val acc: 0.7310 -- Test acc: 0.7422
Epoch 54 | 100
Train loss: 0.5338 -- Train acc: 0.7435 -- Val acc: 0.7300 -- Test acc: 0.7418
Epoch 55 | 100
Train loss: 0.5312 -- Train acc: 0.7457 -- Val acc: 0.7298 -- Test acc: 0.7472
Epoch 56 | 100
Train loss: 0.5327 -- Train acc: 0.7389 -- Val acc: 0.7276 -- Test acc: 0.7432
Epoch 57 | 100
Train loss: 0.5316 -- Train acc: 0.7483 -- Val acc: 0.7246 -- Test acc: 0.7334
Epoch 58 | 100
Train loss: 0.5264 -- Train acc: 0.7395 -- Val acc: 0.7150 -- Test acc: 0.7340
Epoch 59 | 100
Train loss: 0.5258 -- Train acc: 0.7409 -- Val acc: 0.7260 -- Test acc: 0.7378
Epoch 60 | 100
Train loss: 0.5283 -- Train acc: 0.7445 -- Val acc: 0.7198 -- Test acc: 0.7334
Epoch 61 | 100
Train loss: 0.5256 -- Train acc: 0.7385 -- Val acc: 0.7214 -- Test acc: 0.7394
Epoch 62 | 100
Train loss: 0.5272 -- Train acc: 0.7319 -- Val acc: 0.7170 -- Test acc: 0.7278
Epoch 63 | 100
Train loss: 0.5226 -- Train acc: 0.7497 -- Val acc: 0.7356 -- Test acc: 0.7534
Epoch 64 | 100
Train loss: 0.5238 -- Train acc: 0.7512 -- Val acc: 0.7308 -- Test acc: 0.7444
Epoch 65 | 100
Train loss: 0.5203 -- Train acc: 0.7277 -- Val acc: 0.7108 -- Test acc: 0.7234
Epoch 66 | 100
Train loss: 0.5179 -- Train acc: 0.7485 -- Val acc: 0.7264 -- Test acc: 0.7438
Epoch 67 | 100
Train loss: 0.5208 -- Train acc: 0.7475 -- Val acc: 0.7244 -- Test acc: 0.7470
Epoch 68 | 100
Train loss: 0.5129 -- Train acc: 0.7557 -- Val acc: 0.7320 -- Test acc: 0.7454
Epoch 69 | 100
Train loss: 0.5158 -- Train acc: 0.7525 -- Val acc: 0.7346 -- Test acc: 0.7422
Epoch 70 | 100
Train loss: 0.5121 -- Train acc: 0.7587 -- Val acc: 0.7384 -- Test acc: 0.7542
Epoch 71 | 100
Train loss: 0.5137 -- Train acc: 0.7551 -- Val acc: 0.7290 -- Test acc: 0.7390
Epoch 72 | 100
Train loss: 0.5153 -- Train acc: 0.7587 -- Val acc: 0.7298 -- Test acc: 0.7436
Epoch 73 | 100
Train loss: 0.5094 -- Train acc: 0.7571 -- Val acc: 0.7278 -- Test acc: 0.7440
Epoch 74 | 100
Train loss: 0.5097 -- Train acc: 0.7569 -- Val acc: 0.7316 -- Test acc: 0.7438
Epoch 75 | 100
Train loss: 0.5076 -- Train acc: 0.7536 -- Val acc: 0.7362 -- Test acc: 0.7454
Epoch 76 | 100
Train loss: 0.5074 -- Train acc: 0.7463 -- Val acc: 0.7294 -- Test acc: 0.7422
Epoch 77 | 100
Train loss: 0.5018 -- Train acc: 0.7555 -- Val acc: 0.7312 -- Test acc: 0.7478
Epoch 78 | 100
Train loss: 0.5055 -- Train acc: 0.7669 -- Val acc: 0.7388 -- Test acc: 0.7526
Epoch 79 | 100
Train loss: 0.5027 -- Train acc: 0.7579 -- Val acc: 0.7332 -- Test acc: 0.7400
Epoch 80 | 100
Train loss: 0.5029 -- Train acc: 0.7645 -- Val acc: 0.7382 -- Test acc: 0.7520
Epoch 81 | 100
Train loss: 0.5017 -- Train acc: 0.7619 -- Val acc: 0.7342 -- Test acc: 0.7444
Epoch 82 | 100
Train loss: 0.5018 -- Train acc: 0.7631 -- Val acc: 0.7348 -- Test acc: 0.7424
Epoch 83 | 100
Train loss: 0.4997 -- Train acc: 0.7688 -- Val acc: 0.7430 -- Test acc: 0.7542
Epoch 84 | 100
Train loss: 0.4997 -- Train acc: 0.7667 -- Val acc: 0.7360 -- Test acc: 0.7506
Epoch 85 | 100
Train loss: 0.4997 -- Train acc: 0.7651 -- Val acc: 0.7394 -- Test acc: 0.7482
Epoch 86 | 100
Train loss: 0.4962 -- Train acc: 0.7570 -- Val acc: 0.7334 -- Test acc: 0.7436
Epoch 87 | 100
Train loss: 0.4948 -- Train acc: 0.7488 -- Val acc: 0.7238 -- Test acc: 0.7350
Epoch 88 | 100
Train loss: 0.4966 -- Train acc: 0.7681 -- Val acc: 0.7420 -- Test acc: 0.7558
Epoch 89 | 100
Train loss: 0.4980 -- Train acc: 0.7687 -- Val acc: 0.7414 -- Test acc: 0.7498
Epoch 90 | 100
Train loss: 0.4921 -- Train acc: 0.7575 -- Val acc: 0.7294 -- Test acc: 0.7438
Epoch 91 | 100
Train loss: 0.4862 -- Train acc: 0.7638 -- Val acc: 0.7386 -- Test acc: 0.7496
Epoch 92 | 100
Train loss: 0.4923 -- Train acc: 0.7733 -- Val acc: 0.7384 -- Test acc: 0.7558
Epoch 93 | 100
Train loss: 0.4917 -- Train acc: 0.7777 -- Val acc: 0.7444 -- Test acc: 0.7560
Epoch 94 | 100
Train loss: 0.4898 -- Train acc: 0.7723 -- Val acc: 0.7454 -- Test acc: 0.7562
Epoch 95 | 100
Train loss: 0.4860 -- Train acc: 0.7789 -- Val acc: 0.7416 -- Test acc: 0.7594
Epoch 96 | 100
Train loss: 0.4877 -- Train acc: 0.7757 -- Val acc: 0.7456 -- Test acc: 0.7542
Epoch 97 | 100
Train loss: 0.4889 -- Train acc: 0.7698 -- Val acc: 0.7392 -- Test acc: 0.7552
Epoch 98 | 100
Train loss: 0.4848 -- Train acc: 0.7442 -- Val acc: 0.7222 -- Test acc: 0.7294
Epoch 99 | 100
Train loss: 0.4844 -- Train acc: 0.7529 -- Val acc: 0.7300 -- Test acc: 0.7398
Epoch 100 | 100
Train loss: 0.4816 -- Train acc: 0.7741 -- Val acc: 0.7480 -- Test acc: 0.7566
Training done! Elapsed time: 0:20:55

{'weight_decay': 0, 'optim': 'SGD', 'dropout': True, 'batch_size': 50, 'filename': 'models/sgd_bn_lr_0.001', 'weight_norm': False, 'train_len': 15000, 'nb_epochs': 100, 'learning_rate': 0.001, 'momentum': 0.9, 'batch_norm': True}
Epoch 1 | 100
Train loss: 1.2035 -- Train acc: 0.5913 -- Val acc: 0.5942 -- Test acc: 0.5990
Epoch 2 | 100
Train loss: 0.6644 -- Train acc: 0.6100 -- Val acc: 0.6192 -- Test acc: 0.6226
Epoch 3 | 100
Train loss: 0.6531 -- Train acc: 0.6274 -- Val acc: 0.6450 -- Test acc: 0.6334
Epoch 4 | 100
Train loss: 0.6447 -- Train acc: 0.6363 -- Val acc: 0.6410 -- Test acc: 0.6456
Epoch 5 | 100
Train loss: 0.6359 -- Train acc: 0.6417 -- Val acc: 0.6490 -- Test acc: 0.6454
Epoch 6 | 100
Train loss: 0.6346 -- Train acc: 0.6502 -- Val acc: 0.6532 -- Test acc: 0.6518
Epoch 7 | 100
Train loss: 0.6227 -- Train acc: 0.6490 -- Val acc: 0.6576 -- Test acc: 0.6580
Epoch 8 | 100
Train loss: 0.6221 -- Train acc: 0.6617 -- Val acc: 0.6640 -- Test acc: 0.6618
Epoch 9 | 100
Train loss: 0.6154 -- Train acc: 0.6664 -- Val acc: 0.6620 -- Test acc: 0.6656
Epoch 10 | 100
Train loss: 0.6107 -- Train acc: 0.6649 -- Val acc: 0.6560 -- Test acc: 0.6628
Epoch 11 | 100
Train loss: 0.6058 -- Train acc: 0.6745 -- Val acc: 0.6640 -- Test acc: 0.6800
Epoch 12 | 100
Train loss: 0.6027 -- Train acc: 0.6785 -- Val acc: 0.6754 -- Test acc: 0.6852
Epoch 13 | 100
Train loss: 0.5987 -- Train acc: 0.6837 -- Val acc: 0.6750 -- Test acc: 0.6868
Epoch 14 | 100
Train loss: 0.5944 -- Train acc: 0.6860 -- Val acc: 0.6760 -- Test acc: 0.6884
Epoch 15 | 100
Train loss: 0.5903 -- Train acc: 0.6849 -- Val acc: 0.6680 -- Test acc: 0.6842
Epoch 16 | 100
Train loss: 0.5821 -- Train acc: 0.6983 -- Val acc: 0.6924 -- Test acc: 0.6960
Epoch 17 | 100
Train loss: 0.5841 -- Train acc: 0.7004 -- Val acc: 0.6924 -- Test acc: 0.6984
Epoch 18 | 100
Train loss: 0.5744 -- Train acc: 0.7081 -- Val acc: 0.6972 -- Test acc: 0.7014
Epoch 19 | 100
Train loss: 0.5721 -- Train acc: 0.7068 -- Val acc: 0.7030 -- Test acc: 0.7064
Epoch 20 | 100
Train loss: 0.5679 -- Train acc: 0.7063 -- Val acc: 0.7032 -- Test acc: 0.7136
Epoch 21 | 100
Train loss: 0.5654 -- Train acc: 0.7193 -- Val acc: 0.7074 -- Test acc: 0.7156
Epoch 22 | 100
Train loss: 0.5617 -- Train acc: 0.7116 -- Val acc: 0.7068 -- Test acc: 0.7152
Epoch 23 | 100
Train loss: 0.5600 -- Train acc: 0.7067 -- Val acc: 0.7064 -- Test acc: 0.7152
Epoch 24 | 100
Train loss: 0.5561 -- Train acc: 0.7165 -- Val acc: 0.7076 -- Test acc: 0.7232
Epoch 25 | 100
Train loss: 0.5550 -- Train acc: 0.7234 -- Val acc: 0.7074 -- Test acc: 0.7208
Epoch 26 | 100
Train loss: 0.5503 -- Train acc: 0.7261 -- Val acc: 0.7148 -- Test acc: 0.7258
Epoch 27 | 100
Train loss: 0.5484 -- Train acc: 0.7203 -- Val acc: 0.7156 -- Test acc: 0.7266
Epoch 28 | 100
Train loss: 0.5464 -- Train acc: 0.7284 -- Val acc: 0.7148 -- Test acc: 0.7228
Epoch 29 | 100
Train loss: 0.5434 -- Train acc: 0.7263 -- Val acc: 0.7130 -- Test acc: 0.7302
Epoch 30 | 100
Train loss: 0.5414 -- Train acc: 0.7250 -- Val acc: 0.7116 -- Test acc: 0.7268
Epoch 31 | 100
Train loss: 0.5387 -- Train acc: 0.7300 -- Val acc: 0.7218 -- Test acc: 0.7296
Epoch 32 | 100
Train loss: 0.5423 -- Train acc: 0.7199 -- Val acc: 0.6998 -- Test acc: 0.7198
Epoch 33 | 100
Train loss: 0.5370 -- Train acc: 0.7325 -- Val acc: 0.7158 -- Test acc: 0.7222
Epoch 34 | 100
Train loss: 0.5312 -- Train acc: 0.7299 -- Val acc: 0.7218 -- Test acc: 0.7316
Epoch 35 | 100
Train loss: 0.5301 -- Train acc: 0.7412 -- Val acc: 0.7162 -- Test acc: 0.7350
Epoch 36 | 100
Train loss: 0.5336 -- Train acc: 0.7421 -- Val acc: 0.7240 -- Test acc: 0.7370
Epoch 37 | 100
Train loss: 0.5289 -- Train acc: 0.7394 -- Val acc: 0.7216 -- Test acc: 0.7330
Epoch 38 | 100
Train loss: 0.5277 -- Train acc: 0.7442 -- Val acc: 0.7248 -- Test acc: 0.7422
Epoch 39 | 100
Train loss: 0.5249 -- Train acc: 0.7442 -- Val acc: 0.7288 -- Test acc: 0.7432
Epoch 40 | 100
Train loss: 0.5241 -- Train acc: 0.7468 -- Val acc: 0.7304 -- Test acc: 0.7400
Epoch 41 | 100
Train loss: 0.5186 -- Train acc: 0.7452 -- Val acc: 0.7336 -- Test acc: 0.7468
Epoch 42 | 100
Train loss: 0.5191 -- Train acc: 0.7101 -- Val acc: 0.7080 -- Test acc: 0.7102
Epoch 43 | 100
Train loss: 0.5192 -- Train acc: 0.7373 -- Val acc: 0.7234 -- Test acc: 0.7354
Epoch 44 | 100
Train loss: 0.5166 -- Train acc: 0.7494 -- Val acc: 0.7292 -- Test acc: 0.7442
Epoch 45 | 100
Train loss: 0.5133 -- Train acc: 0.7509 -- Val acc: 0.7312 -- Test acc: 0.7470
Epoch 46 | 100
Train loss: 0.5153 -- Train acc: 0.7356 -- Val acc: 0.7166 -- Test acc: 0.7324
Epoch 47 | 100
Train loss: 0.5143 -- Train acc: 0.7392 -- Val acc: 0.7152 -- Test acc: 0.7328
Epoch 48 | 100
Train loss: 0.5116 -- Train acc: 0.7440 -- Val acc: 0.7276 -- Test acc: 0.7406
Epoch 49 | 100
Train loss: 0.5099 -- Train acc: 0.7515 -- Val acc: 0.7278 -- Test acc: 0.7470
Epoch 50 | 100
Train loss: 0.5095 -- Train acc: 0.7508 -- Val acc: 0.7246 -- Test acc: 0.7446
Epoch 51 | 100
Train loss: 0.5106 -- Train acc: 0.7526 -- Val acc: 0.7358 -- Test acc: 0.7454
Epoch 52 | 100
Train loss: 0.5071 -- Train acc: 0.7547 -- Val acc: 0.7344 -- Test acc: 0.7542
Epoch 53 | 100
Train loss: 0.5085 -- Train acc: 0.7515 -- Val acc: 0.7348 -- Test acc: 0.7478
Epoch 54 | 100
Train loss: 0.5049 -- Train acc: 0.7567 -- Val acc: 0.7358 -- Test acc: 0.7550
Epoch 55 | 100
Train loss: 0.5027 -- Train acc: 0.7626 -- Val acc: 0.7348 -- Test acc: 0.7580
Epoch 56 | 100
Train loss: 0.5034 -- Train acc: 0.7495 -- Val acc: 0.7244 -- Test acc: 0.7446
Epoch 57 | 100
Train loss: 0.5012 -- Train acc: 0.7605 -- Val acc: 0.7356 -- Test acc: 0.7526
Epoch 58 | 100
Train loss: 0.5031 -- Train acc: 0.7609 -- Val acc: 0.7284 -- Test acc: 0.7514
Epoch 59 | 100
Train loss: 0.4960 -- Train acc: 0.7659 -- Val acc: 0.7394 -- Test acc: 0.7560
Epoch 60 | 100
Train loss: 0.4960 -- Train acc: 0.7591 -- Val acc: 0.7374 -- Test acc: 0.7576
Epoch 61 | 100
Train loss: 0.4955 -- Train acc: 0.7643 -- Val acc: 0.7400 -- Test acc: 0.7566
Epoch 62 | 100
Train loss: 0.4987 -- Train acc: 0.7464 -- Val acc: 0.7166 -- Test acc: 0.7402
Epoch 63 | 100
Train loss: 0.4920 -- Train acc: 0.7705 -- Val acc: 0.7384 -- Test acc: 0.7648
Epoch 64 | 100
Train loss: 0.4950 -- Train acc: 0.7657 -- Val acc: 0.7356 -- Test acc: 0.7546
Epoch 65 | 100
Train loss: 0.4933 -- Train acc: 0.7659 -- Val acc: 0.7408 -- Test acc: 0.7578
Epoch 66 | 100
Train loss: 0.4895 -- Train acc: 0.7723 -- Val acc: 0.7400 -- Test acc: 0.7572
Epoch 67 | 100
Train loss: 0.4929 -- Train acc: 0.7714 -- Val acc: 0.7430 -- Test acc: 0.7588
Epoch 68 | 100
Train loss: 0.4905 -- Train acc: 0.7703 -- Val acc: 0.7376 -- Test acc: 0.7596
Epoch 69 | 100
Train loss: 0.4884 -- Train acc: 0.7702 -- Val acc: 0.7378 -- Test acc: 0.7560
Epoch 70 | 100
Train loss: 0.4854 -- Train acc: 0.7733 -- Val acc: 0.7460 -- Test acc: 0.7608
Epoch 71 | 100
Train loss: 0.4859 -- Train acc: 0.7681 -- Val acc: 0.7426 -- Test acc: 0.7506
Epoch 72 | 100
Train loss: 0.4865 -- Train acc: 0.7684 -- Val acc: 0.7450 -- Test acc: 0.7572
Epoch 73 | 100
Train loss: 0.4833 -- Train acc: 0.7681 -- Val acc: 0.7412 -- Test acc: 0.7570
Epoch 74 | 100
Train loss: 0.4783 -- Train acc: 0.7649 -- Val acc: 0.7430 -- Test acc: 0.7604
Epoch 75 | 100
Train loss: 0.4803 -- Train acc: 0.7749 -- Val acc: 0.7460 -- Test acc: 0.7558
Epoch 76 | 100
Train loss: 0.4822 -- Train acc: 0.7753 -- Val acc: 0.7496 -- Test acc: 0.7536
Epoch 77 | 100
Train loss: 0.4765 -- Train acc: 0.7743 -- Val acc: 0.7498 -- Test acc: 0.7588
Epoch 78 | 100
Train loss: 0.4776 -- Train acc: 0.7675 -- Val acc: 0.7442 -- Test acc: 0.7532
Epoch 79 | 100
Train loss: 0.4747 -- Train acc: 0.7613 -- Val acc: 0.7412 -- Test acc: 0.7388
Epoch 80 | 100
Train loss: 0.4745 -- Train acc: 0.7779 -- Val acc: 0.7522 -- Test acc: 0.7660
Epoch 81 | 100
Train loss: 0.4755 -- Train acc: 0.7737 -- Val acc: 0.7474 -- Test acc: 0.7638
Epoch 82 | 100
Train loss: 0.4694 -- Train acc: 0.7788 -- Val acc: 0.7472 -- Test acc: 0.7680
Epoch 83 | 100
Train loss: 0.4729 -- Train acc: 0.7720 -- Val acc: 0.7486 -- Test acc: 0.7564
Epoch 84 | 100
Train loss: 0.4700 -- Train acc: 0.7768 -- Val acc: 0.7478 -- Test acc: 0.7616
Epoch 85 | 100
Train loss: 0.4689 -- Train acc: 0.7869 -- Val acc: 0.7514 -- Test acc: 0.7628
Epoch 86 | 100
Train loss: 0.4719 -- Train acc: 0.7775 -- Val acc: 0.7480 -- Test acc: 0.7610
Epoch 87 | 100
Train loss: 0.4663 -- Train acc: 0.7788 -- Val acc: 0.7520 -- Test acc: 0.7582
Epoch 88 | 100
Train loss: 0.4671 -- Train acc: 0.7775 -- Val acc: 0.7496 -- Test acc: 0.7668
Epoch 89 | 100
Train loss: 0.4633 -- Train acc: 0.7841 -- Val acc: 0.7580 -- Test acc: 0.7704
Epoch 90 | 100
Train loss: 0.4657 -- Train acc: 0.7845 -- Val acc: 0.7550 -- Test acc: 0.7626
Epoch 91 | 100
Train loss: 0.4630 -- Train acc: 0.7854 -- Val acc: 0.7462 -- Test acc: 0.7650
Epoch 92 | 100
Train loss: 0.4606 -- Train acc: 0.7859 -- Val acc: 0.7552 -- Test acc: 0.7682
Epoch 93 | 100
Train loss: 0.4630 -- Train acc: 0.7865 -- Val acc: 0.7572 -- Test acc: 0.7664
Epoch 94 | 100
Train loss: 0.4663 -- Train acc: 0.7882 -- Val acc: 0.7546 -- Test acc: 0.7630
Epoch 95 | 100
Train loss: 0.4587 -- Train acc: 0.7792 -- Val acc: 0.7428 -- Test acc: 0.7646
Epoch 96 | 100
Train loss: 0.4594 -- Train acc: 0.7835 -- Val acc: 0.7548 -- Test acc: 0.7740
Epoch 97 | 100
Train loss: 0.4600 -- Train acc: 0.7713 -- Val acc: 0.7314 -- Test acc: 0.7498
Epoch 98 | 100
Train loss: 0.4607 -- Train acc: 0.7859 -- Val acc: 0.7536 -- Test acc: 0.7682
Epoch 99 | 100
Train loss: 0.4564 -- Train acc: 0.7791 -- Val acc: 0.7414 -- Test acc: 0.7624
Epoch 100 | 100
Train loss: 0.4502 -- Train acc: 0.7878 -- Val acc: 0.7584 -- Test acc: 0.7664
Training done! Elapsed time: 0:21:40

{'weight_decay': 0, 'optim': 'Adam', 'dropout': True, 'batch_size': 50, 'filename': 'models/adam_bn_lr_0.001', 'weight_norm': False, 'train_len': 15000, 'nb_epochs': 100, 'learning_rate': 0.001, 'momentum': 0.9, 'batch_norm': True}
Epoch 1 | 100
Train loss: 0.9275 -- Train acc: 0.6011 -- Val acc: 0.6260 -- Test acc: 0.6134
Epoch 2 | 100
Train loss: 0.6603 -- Train acc: 0.6445 -- Val acc: 0.6444 -- Test acc: 0.6480
Epoch 3 | 100
Train loss: 0.6446 -- Train acc: 0.6663 -- Val acc: 0.6768 -- Test acc: 0.6714
Epoch 4 | 100
Train loss: 0.6240 -- Train acc: 0.6924 -- Val acc: 0.6948 -- Test acc: 0.6852
Epoch 5 | 100
Train loss: 0.5951 -- Train acc: 0.6989 -- Val acc: 0.7068 -- Test acc: 0.7070
Epoch 6 | 100
Train loss: 0.5614 -- Train acc: 0.7350 -- Val acc: 0.7278 -- Test acc: 0.7418
Epoch 7 | 100
Train loss: 0.5436 -- Train acc: 0.7259 -- Val acc: 0.7112 -- Test acc: 0.7332
Epoch 8 | 100
Train loss: 0.5360 -- Train acc: 0.7289 -- Val acc: 0.7150 -- Test acc: 0.7338
Epoch 9 | 100
Train loss: 0.5225 -- Train acc: 0.7463 -- Val acc: 0.7416 -- Test acc: 0.7498
Epoch 10 | 100
Train loss: 0.5022 -- Train acc: 0.7739 -- Val acc: 0.7672 -- Test acc: 0.7748
Epoch 11 | 100
Train loss: 0.4926 -- Train acc: 0.7761 -- Val acc: 0.7718 -- Test acc: 0.7798
Epoch 12 | 100
Train loss: 0.4884 -- Train acc: 0.7829 -- Val acc: 0.7648 -- Test acc: 0.7764
Epoch 13 | 100
Train loss: 0.4695 -- Train acc: 0.7809 -- Val acc: 0.7780 -- Test acc: 0.7800
Epoch 14 | 100
Train loss: 0.4560 -- Train acc: 0.8063 -- Val acc: 0.8000 -- Test acc: 0.8120
Epoch 15 | 100
Train loss: 0.4362 -- Train acc: 0.8217 -- Val acc: 0.8002 -- Test acc: 0.8090
Epoch 16 | 100
Train loss: 0.4222 -- Train acc: 0.8099 -- Val acc: 0.8014 -- Test acc: 0.8102
Epoch 17 | 100
Train loss: 0.4035 -- Train acc: 0.8206 -- Val acc: 0.8222 -- Test acc: 0.8142
Epoch 18 | 100
Train loss: 0.3969 -- Train acc: 0.8357 -- Val acc: 0.8278 -- Test acc: 0.8300
Epoch 19 | 100
Train loss: 0.4017 -- Train acc: 0.8197 -- Val acc: 0.8052 -- Test acc: 0.8122
Epoch 20 | 100
Train loss: 0.3843 -- Train acc: 0.8387 -- Val acc: 0.8336 -- Test acc: 0.8368
Epoch 21 | 100
Train loss: 0.3732 -- Train acc: 0.8454 -- Val acc: 0.8304 -- Test acc: 0.8322
Epoch 22 | 100
Train loss: 0.3717 -- Train acc: 0.8392 -- Val acc: 0.8288 -- Test acc: 0.8262
Epoch 23 | 100
Train loss: 0.3596 -- Train acc: 0.8517 -- Val acc: 0.8416 -- Test acc: 0.8352
Epoch 24 | 100
Train loss: 0.3536 -- Train acc: 0.8507 -- Val acc: 0.8398 -- Test acc: 0.8366
Epoch 25 | 100
Train loss: 0.3409 -- Train acc: 0.8563 -- Val acc: 0.8496 -- Test acc: 0.8492
Epoch 26 | 100
Train loss: 0.3390 -- Train acc: 0.8508 -- Val acc: 0.8406 -- Test acc: 0.8418
Epoch 27 | 100
Train loss: 0.3239 -- Train acc: 0.8529 -- Val acc: 0.8434 -- Test acc: 0.8424
Epoch 28 | 100
Train loss: 0.3231 -- Train acc: 0.8637 -- Val acc: 0.8646 -- Test acc: 0.8512
Epoch 29 | 100
Train loss: 0.3160 -- Train acc: 0.8725 -- Val acc: 0.8564 -- Test acc: 0.8572
Epoch 30 | 100
Train loss: 0.3137 -- Train acc: 0.8669 -- Val acc: 0.8566 -- Test acc: 0.8494
Epoch 31 | 100
Train loss: 0.3064 -- Train acc: 0.8787 -- Val acc: 0.8688 -- Test acc: 0.8578
Epoch 32 | 100
Train loss: 0.2996 -- Train acc: 0.8684 -- Val acc: 0.8410 -- Test acc: 0.8550
Epoch 33 | 100
Train loss: 0.2983 -- Train acc: 0.8685 -- Val acc: 0.8492 -- Test acc: 0.8422
Epoch 34 | 100
Train loss: 0.2992 -- Train acc: 0.8821 -- Val acc: 0.8622 -- Test acc: 0.8546
Epoch 35 | 100
Train loss: 0.2896 -- Train acc: 0.8798 -- Val acc: 0.8610 -- Test acc: 0.8550
Epoch 36 | 100
Train loss: 0.2845 -- Train acc: 0.8852 -- Val acc: 0.8654 -- Test acc: 0.8600
Epoch 37 | 100
Train loss: 0.2817 -- Train acc: 0.8809 -- Val acc: 0.8640 -- Test acc: 0.8602
Epoch 38 | 100
Train loss: 0.2862 -- Train acc: 0.8910 -- Val acc: 0.8672 -- Test acc: 0.8694
Epoch 39 | 100
Train loss: 0.2738 -- Train acc: 0.8895 -- Val acc: 0.8708 -- Test acc: 0.8670
Epoch 40 | 100
Train loss: 0.2703 -- Train acc: 0.8941 -- Val acc: 0.8708 -- Test acc: 0.8672
Epoch 41 | 100
Train loss: 0.2572 -- Train acc: 0.8929 -- Val acc: 0.8704 -- Test acc: 0.8640
Epoch 42 | 100
Train loss: 0.2579 -- Train acc: 0.8874 -- Val acc: 0.8728 -- Test acc: 0.8662
Epoch 43 | 100
Train loss: 0.2592 -- Train acc: 0.8701 -- Val acc: 0.8558 -- Test acc: 0.8512
Epoch 44 | 100
Train loss: 0.2544 -- Train acc: 0.8939 -- Val acc: 0.8764 -- Test acc: 0.8688
Epoch 45 | 100
Train loss: 0.2513 -- Train acc: 0.8975 -- Val acc: 0.8778 -- Test acc: 0.8668
Epoch 46 | 100
Train loss: 0.2539 -- Train acc: 0.8933 -- Val acc: 0.8650 -- Test acc: 0.8658
Epoch 47 | 100
Train loss: 0.2510 -- Train acc: 0.9057 -- Val acc: 0.8778 -- Test acc: 0.8764
Epoch 48 | 100
Train loss: 0.2396 -- Train acc: 0.9063 -- Val acc: 0.8772 -- Test acc: 0.8752
Epoch 49 | 100
Train loss: 0.2396 -- Train acc: 0.8961 -- Val acc: 0.8690 -- Test acc: 0.8658
Epoch 50 | 100
Train loss: 0.2430 -- Train acc: 0.8915 -- Val acc: 0.8724 -- Test acc: 0.8698
Epoch 51 | 100
Train loss: 0.2355 -- Train acc: 0.9027 -- Val acc: 0.8852 -- Test acc: 0.8764
Epoch 52 | 100
Train loss: 0.2329 -- Train acc: 0.8977 -- Val acc: 0.8734 -- Test acc: 0.8682
Epoch 53 | 100
Train loss: 0.2298 -- Train acc: 0.9090 -- Val acc: 0.8830 -- Test acc: 0.8804
Epoch 54 | 100
Train loss: 0.2306 -- Train acc: 0.9027 -- Val acc: 0.8878 -- Test acc: 0.8772
Epoch 55 | 100
Train loss: 0.2309 -- Train acc: 0.9057 -- Val acc: 0.8720 -- Test acc: 0.8708
Epoch 56 | 100
Train loss: 0.2193 -- Train acc: 0.9016 -- Val acc: 0.8672 -- Test acc: 0.8656
Epoch 57 | 100
Train loss: 0.2213 -- Train acc: 0.8966 -- Val acc: 0.8682 -- Test acc: 0.8632
Epoch 58 | 100
Train loss: 0.2144 -- Train acc: 0.9211 -- Val acc: 0.8940 -- Test acc: 0.8808
Epoch 59 | 100
Train loss: 0.2178 -- Train acc: 0.9039 -- Val acc: 0.8752 -- Test acc: 0.8686
Epoch 60 | 100
Train loss: 0.2122 -- Train acc: 0.9163 -- Val acc: 0.8884 -- Test acc: 0.8814
Epoch 61 | 100
Train loss: 0.2182 -- Train acc: 0.9181 -- Val acc: 0.8862 -- Test acc: 0.8808
Epoch 62 | 100
Train loss: 0.2115 -- Train acc: 0.9163 -- Val acc: 0.8706 -- Test acc: 0.8712
Epoch 63 | 100
Train loss: 0.2000 -- Train acc: 0.9193 -- Val acc: 0.8792 -- Test acc: 0.8788
Epoch 64 | 100
Train loss: 0.2023 -- Train acc: 0.9121 -- Val acc: 0.8758 -- Test acc: 0.8772
Epoch 65 | 100
Train loss: 0.2023 -- Train acc: 0.8989 -- Val acc: 0.8722 -- Test acc: 0.8596
Epoch 66 | 100
Train loss: 0.1975 -- Train acc: 0.9223 -- Val acc: 0.8832 -- Test acc: 0.8804
Epoch 67 | 100
Train loss: 0.1978 -- Train acc: 0.9275 -- Val acc: 0.8968 -- Test acc: 0.8832
Epoch 68 | 100
Train loss: 0.1947 -- Train acc: 0.9054 -- Val acc: 0.8680 -- Test acc: 0.8618
Epoch 69 | 100
Train loss: 0.1956 -- Train acc: 0.9215 -- Val acc: 0.8798 -- Test acc: 0.8778
Epoch 70 | 100
Train loss: 0.1884 -- Train acc: 0.9122 -- Val acc: 0.8788 -- Test acc: 0.8702
Epoch 71 | 100
Train loss: 0.1894 -- Train acc: 0.9196 -- Val acc: 0.8860 -- Test acc: 0.8752
Epoch 72 | 100
Train loss: 0.1841 -- Train acc: 0.9209 -- Val acc: 0.8832 -- Test acc: 0.8766
Epoch 73 | 100
Train loss: 0.1920 -- Train acc: 0.9283 -- Val acc: 0.8916 -- Test acc: 0.8824
Epoch 74 | 100
Train loss: 0.1796 -- Train acc: 0.9141 -- Val acc: 0.8762 -- Test acc: 0.8710
Epoch 75 | 100
Train loss: 0.1865 -- Train acc: 0.9272 -- Val acc: 0.8750 -- Test acc: 0.8736
Epoch 76 | 100
Train loss: 0.1776 -- Train acc: 0.9246 -- Val acc: 0.8822 -- Test acc: 0.8814
Epoch 77 | 100
Train loss: 0.1723 -- Train acc: 0.9329 -- Val acc: 0.8906 -- Test acc: 0.8864
Epoch 78 | 100
Train loss: 0.1736 -- Train acc: 0.9339 -- Val acc: 0.8864 -- Test acc: 0.8834
Epoch 79 | 100
Train loss: 0.1753 -- Train acc: 0.9319 -- Val acc: 0.8904 -- Test acc: 0.8878
Epoch 80 | 100
Train loss: 0.1709 -- Train acc: 0.9325 -- Val acc: 0.8842 -- Test acc: 0.8828
Epoch 81 | 100
Train loss: 0.1706 -- Train acc: 0.9333 -- Val acc: 0.8890 -- Test acc: 0.8774
Epoch 82 | 100
Train loss: 0.1720 -- Train acc: 0.9357 -- Val acc: 0.8876 -- Test acc: 0.8846
Epoch 83 | 100
Train loss: 0.1730 -- Train acc: 0.9240 -- Val acc: 0.8786 -- Test acc: 0.8836
Epoch 84 | 100
Train loss: 0.1670 -- Train acc: 0.9385 -- Val acc: 0.8880 -- Test acc: 0.8828
Epoch 85 | 100
Train loss: 0.1592 -- Train acc: 0.9343 -- Val acc: 0.8872 -- Test acc: 0.8804
Epoch 86 | 100
Train loss: 0.1621 -- Train acc: 0.9359 -- Val acc: 0.8818 -- Test acc: 0.8754
Epoch 87 | 100
Train loss: 0.1581 -- Train acc: 0.9387 -- Val acc: 0.8838 -- Test acc: 0.8774
Epoch 88 | 100
Train loss: 0.1603 -- Train acc: 0.9462 -- Val acc: 0.8858 -- Test acc: 0.8748
Epoch 89 | 100
Train loss: 0.1680 -- Train acc: 0.9363 -- Val acc: 0.8754 -- Test acc: 0.8716
Epoch 90 | 100
Train loss: 0.1667 -- Train acc: 0.9364 -- Val acc: 0.8826 -- Test acc: 0.8766
Epoch 91 | 100
Train loss: 0.1550 -- Train acc: 0.9349 -- Val acc: 0.8818 -- Test acc: 0.8758
Epoch 92 | 100
Train loss: 0.1481 -- Train acc: 0.9453 -- Val acc: 0.8880 -- Test acc: 0.8738
Epoch 93 | 100
Train loss: 0.1541 -- Train acc: 0.9425 -- Val acc: 0.8954 -- Test acc: 0.8824
Epoch 94 | 100
Train loss: 0.1555 -- Train acc: 0.9500 -- Val acc: 0.8892 -- Test acc: 0.8830
Epoch 95 | 100
Train loss: 0.1471 -- Train acc: 0.9462 -- Val acc: 0.8862 -- Test acc: 0.8818
Epoch 96 | 100
Train loss: 0.1579 -- Train acc: 0.9397 -- Val acc: 0.8826 -- Test acc: 0.8796
Epoch 97 | 100
Train loss: 0.1496 -- Train acc: 0.9444 -- Val acc: 0.8868 -- Test acc: 0.8776
Epoch 98 | 100
Train loss: 0.1462 -- Train acc: 0.9454 -- Val acc: 0.8890 -- Test acc: 0.8900
Epoch 99 | 100
Train loss: 0.1501 -- Train acc: 0.9471 -- Val acc: 0.8876 -- Test acc: 0.8848
Epoch 100 | 100
Train loss: 0.1437 -- Train acc: 0.9321 -- Val acc: 0.8796 -- Test acc: 0.8754
Training done! Elapsed time: 0:22:21

{'weight_decay': 0, 'optim': 'RMSProp', 'dropout': True, 'batch_size': 50, 'filename': 'models/rmsprop_bn_lr_0.001', 'weight_norm': False, 'train_len': 15000, 'nb_epochs': 100, 'learning_rate': 0.001, 'momentum': 0.9, 'batch_norm': True}
Epoch 1 | 100
Train loss: 1.1690 -- Train acc: 0.5707 -- Val acc: 0.5806 -- Test acc: 0.5782
Epoch 2 | 100
Train loss: 0.6670 -- Train acc: 0.6177 -- Val acc: 0.6264 -- Test acc: 0.6252
Epoch 3 | 100
Train loss: 0.6504 -- Train acc: 0.6183 -- Val acc: 0.6268 -- Test acc: 0.6318
Epoch 4 | 100
Train loss: 0.6438 -- Train acc: 0.6359 -- Val acc: 0.6420 -- Test acc: 0.6500
Epoch 5 | 100
Train loss: 0.6344 -- Train acc: 0.6450 -- Val acc: 0.6508 -- Test acc: 0.6510
Epoch 6 | 100
Train loss: 0.6240 -- Train acc: 0.6597 -- Val acc: 0.6592 -- Test acc: 0.6644
Epoch 7 | 100
Train loss: 0.6162 -- Train acc: 0.6698 -- Val acc: 0.6676 -- Test acc: 0.6728
Epoch 8 | 100
Train loss: 0.6115 -- Train acc: 0.6715 -- Val acc: 0.6704 -- Test acc: 0.6730
Epoch 9 | 100
Train loss: 0.6064 -- Train acc: 0.6715 -- Val acc: 0.6650 -- Test acc: 0.6778
Epoch 10 | 100
Train loss: 0.5990 -- Train acc: 0.6729 -- Val acc: 0.6736 -- Test acc: 0.6806
Epoch 11 | 100
Train loss: 0.5961 -- Train acc: 0.6799 -- Val acc: 0.6750 -- Test acc: 0.6866
Epoch 12 | 100
Train loss: 0.5939 -- Train acc: 0.6879 -- Val acc: 0.6854 -- Test acc: 0.6960
Epoch 13 | 100
Train loss: 0.5893 -- Train acc: 0.6991 -- Val acc: 0.6894 -- Test acc: 0.6990
Epoch 14 | 100
Train loss: 0.5835 -- Train acc: 0.6967 -- Val acc: 0.6870 -- Test acc: 0.6960
Epoch 15 | 100
Train loss: 0.5838 -- Train acc: 0.7033 -- Val acc: 0.6872 -- Test acc: 0.6986
Epoch 16 | 100
Train loss: 0.5786 -- Train acc: 0.7016 -- Val acc: 0.6942 -- Test acc: 0.7006
Epoch 17 | 100
Train loss: 0.5754 -- Train acc: 0.6939 -- Val acc: 0.6826 -- Test acc: 0.6964
Epoch 18 | 100
Train loss: 0.5765 -- Train acc: 0.7058 -- Val acc: 0.6914 -- Test acc: 0.7054
Epoch 19 | 100
Train loss: 0.5738 -- Train acc: 0.7109 -- Val acc: 0.6966 -- Test acc: 0.7098
Epoch 20 | 100
Train loss: 0.5659 -- Train acc: 0.7122 -- Val acc: 0.7018 -- Test acc: 0.7168
Epoch 21 | 100
Train loss: 0.5642 -- Train acc: 0.7116 -- Val acc: 0.7040 -- Test acc: 0.7154
Epoch 22 | 100
Train loss: 0.5643 -- Train acc: 0.7105 -- Val acc: 0.7014 -- Test acc: 0.7162
Epoch 23 | 100
Train loss: 0.5616 -- Train acc: 0.7169 -- Val acc: 0.7062 -- Test acc: 0.7178
Epoch 24 | 100
Train loss: 0.5587 -- Train acc: 0.7215 -- Val acc: 0.7036 -- Test acc: 0.7252
Epoch 25 | 100
Train loss: 0.5556 -- Train acc: 0.7193 -- Val acc: 0.6932 -- Test acc: 0.7142
Epoch 26 | 100
Train loss: 0.5532 -- Train acc: 0.7249 -- Val acc: 0.7100 -- Test acc: 0.7218
Epoch 27 | 100
Train loss: 0.5519 -- Train acc: 0.7228 -- Val acc: 0.7118 -- Test acc: 0.7232
Epoch 28 | 100
Train loss: 0.5492 -- Train acc: 0.7227 -- Val acc: 0.7086 -- Test acc: 0.7218
Epoch 29 | 100
Train loss: 0.5489 -- Train acc: 0.7302 -- Val acc: 0.7222 -- Test acc: 0.7344
Epoch 30 | 100
Train loss: 0.5443 -- Train acc: 0.7302 -- Val acc: 0.7148 -- Test acc: 0.7244
Epoch 31 | 100
Train loss: 0.5427 -- Train acc: 0.7336 -- Val acc: 0.7212 -- Test acc: 0.7380
Epoch 32 | 100
Train loss: 0.5419 -- Train acc: 0.7184 -- Val acc: 0.7100 -- Test acc: 0.7174
Epoch 33 | 100
Train loss: 0.5374 -- Train acc: 0.7288 -- Val acc: 0.7174 -- Test acc: 0.7344
Epoch 34 | 100
Train loss: 0.5362 -- Train acc: 0.7348 -- Val acc: 0.7184 -- Test acc: 0.7358
Epoch 35 | 100
Train loss: 0.5367 -- Train acc: 0.7399 -- Val acc: 0.7258 -- Test acc: 0.7388
Epoch 36 | 100
Train loss: 0.5348 -- Train acc: 0.7421 -- Val acc: 0.7280 -- Test acc: 0.7346
Epoch 37 | 100
Train loss: 0.5318 -- Train acc: 0.7385 -- Val acc: 0.7208 -- Test acc: 0.7296
Epoch 38 | 100
Train loss: 0.5238 -- Train acc: 0.7427 -- Val acc: 0.7336 -- Test acc: 0.7396
Epoch 39 | 100
Train loss: 0.5300 -- Train acc: 0.7349 -- Val acc: 0.7258 -- Test acc: 0.7360
Epoch 40 | 100
Train loss: 0.5282 -- Train acc: 0.7424 -- Val acc: 0.7316 -- Test acc: 0.7362
Epoch 41 | 100
Train loss: 0.5257 -- Train acc: 0.7479 -- Val acc: 0.7348 -- Test acc: 0.7450
Epoch 42 | 100
Train loss: 0.5239 -- Train acc: 0.7304 -- Val acc: 0.7250 -- Test acc: 0.7324
Epoch 43 | 100
Train loss: 0.5170 -- Train acc: 0.7429 -- Val acc: 0.7356 -- Test acc: 0.7342
Epoch 44 | 100
Train loss: 0.5206 -- Train acc: 0.7497 -- Val acc: 0.7340 -- Test acc: 0.7414
Epoch 45 | 100
Train loss: 0.5199 -- Train acc: 0.7457 -- Val acc: 0.7280 -- Test acc: 0.7416
Epoch 46 | 100
Train loss: 0.5137 -- Train acc: 0.7417 -- Val acc: 0.7326 -- Test acc: 0.7432
Epoch 47 | 100
Train loss: 0.5114 -- Train acc: 0.7499 -- Val acc: 0.7396 -- Test acc: 0.7444
Epoch 48 | 100
Train loss: 0.5119 -- Train acc: 0.7541 -- Val acc: 0.7416 -- Test acc: 0.7480
Epoch 49 | 100
Train loss: 0.5122 -- Train acc: 0.7429 -- Val acc: 0.7320 -- Test acc: 0.7396
Epoch 50 | 100
Train loss: 0.5077 -- Train acc: 0.7577 -- Val acc: 0.7396 -- Test acc: 0.7510
Epoch 51 | 100
Train loss: 0.5059 -- Train acc: 0.7531 -- Val acc: 0.7404 -- Test acc: 0.7500
Epoch 52 | 100
Train loss: 0.5055 -- Train acc: 0.7263 -- Val acc: 0.7088 -- Test acc: 0.7218
Epoch 53 | 100
Train loss: 0.5042 -- Train acc: 0.7348 -- Val acc: 0.7266 -- Test acc: 0.7308
Epoch 54 | 100
Train loss: 0.5041 -- Train acc: 0.7590 -- Val acc: 0.7438 -- Test acc: 0.7600
Epoch 55 | 100
Train loss: 0.4991 -- Train acc: 0.7599 -- Val acc: 0.7436 -- Test acc: 0.7554
Epoch 56 | 100
Train loss: 0.5001 -- Train acc: 0.7606 -- Val acc: 0.7526 -- Test acc: 0.7642
Epoch 57 | 100
Train loss: 0.4962 -- Train acc: 0.7670 -- Val acc: 0.7540 -- Test acc: 0.7630
Epoch 58 | 100
Train loss: 0.4967 -- Train acc: 0.7533 -- Val acc: 0.7440 -- Test acc: 0.7512
Epoch 59 | 100
Train loss: 0.4913 -- Train acc: 0.7601 -- Val acc: 0.7426 -- Test acc: 0.7536
Epoch 60 | 100
Train loss: 0.4918 -- Train acc: 0.7474 -- Val acc: 0.7228 -- Test acc: 0.7412
Epoch 61 | 100
Train loss: 0.4896 -- Train acc: 0.7694 -- Val acc: 0.7564 -- Test acc: 0.7650
Epoch 62 | 100
Train loss: 0.4888 -- Train acc: 0.7692 -- Val acc: 0.7512 -- Test acc: 0.7658
Epoch 63 | 100
Train loss: 0.4880 -- Train acc: 0.7727 -- Val acc: 0.7578 -- Test acc: 0.7660
Epoch 64 | 100
Train loss: 0.4828 -- Train acc: 0.7345 -- Val acc: 0.7226 -- Test acc: 0.7302
Epoch 65 | 100
Train loss: 0.4869 -- Train acc: 0.7435 -- Val acc: 0.7268 -- Test acc: 0.7362
Epoch 66 | 100
Train loss: 0.4839 -- Train acc: 0.7709 -- Val acc: 0.7472 -- Test acc: 0.7622
Epoch 67 | 100
Train loss: 0.4795 -- Train acc: 0.7759 -- Val acc: 0.7582 -- Test acc: 0.7712
Epoch 68 | 100
Train loss: 0.4830 -- Train acc: 0.7706 -- Val acc: 0.7512 -- Test acc: 0.7610
Epoch 69 | 100
Train loss: 0.4814 -- Train acc: 0.7791 -- Val acc: 0.7604 -- Test acc: 0.7696
Epoch 70 | 100
Train loss: 0.4787 -- Train acc: 0.7762 -- Val acc: 0.7580 -- Test acc: 0.7636
Epoch 71 | 100
Train loss: 0.4738 -- Train acc: 0.7773 -- Val acc: 0.7630 -- Test acc: 0.7740
Epoch 72 | 100
Train loss: 0.4760 -- Train acc: 0.7593 -- Val acc: 0.7414 -- Test acc: 0.7554
Epoch 73 | 100
Train loss: 0.4784 -- Train acc: 0.7722 -- Val acc: 0.7500 -- Test acc: 0.7642
Epoch 74 | 100
Train loss: 0.4773 -- Train acc: 0.7794 -- Val acc: 0.7618 -- Test acc: 0.7700
Epoch 75 | 100
Train loss: 0.4689 -- Train acc: 0.7644 -- Val acc: 0.7478 -- Test acc: 0.7568
Epoch 76 | 100
Train loss: 0.4704 -- Train acc: 0.7849 -- Val acc: 0.7618 -- Test acc: 0.7706
Epoch 77 | 100
Train loss: 0.4708 -- Train acc: 0.7800 -- Val acc: 0.7652 -- Test acc: 0.7712
Epoch 78 | 100
Train loss: 0.4688 -- Train acc: 0.7847 -- Val acc: 0.7670 -- Test acc: 0.7762
Epoch 79 | 100
Train loss: 0.4654 -- Train acc: 0.7885 -- Val acc: 0.7706 -- Test acc: 0.7720
Epoch 80 | 100
Train loss: 0.4715 -- Train acc: 0.7740 -- Val acc: 0.7562 -- Test acc: 0.7668
Epoch 81 | 100
Train loss: 0.4651 -- Train acc: 0.7867 -- Val acc: 0.7680 -- Test acc: 0.7744
Epoch 82 | 100
Train loss: 0.4658 -- Train acc: 0.7658 -- Val acc: 0.7496 -- Test acc: 0.7576
Epoch 83 | 100
Train loss: 0.4670 -- Train acc: 0.7778 -- Val acc: 0.7610 -- Test acc: 0.7692
Epoch 84 | 100
Train loss: 0.4625 -- Train acc: 0.7878 -- Val acc: 0.7680 -- Test acc: 0.7774
Epoch 85 | 100
Train loss: 0.4623 -- Train acc: 0.7895 -- Val acc: 0.7702 -- Test acc: 0.7792
Epoch 86 | 100
Train loss: 0.4572 -- Train acc: 0.7873 -- Val acc: 0.7712 -- Test acc: 0.7788
Epoch 87 | 100
Train loss: 0.4577 -- Train acc: 0.7906 -- Val acc: 0.7678 -- Test acc: 0.7824
Epoch 88 | 100
Train loss: 0.4587 -- Train acc: 0.7843 -- Val acc: 0.7692 -- Test acc: 0.7732
Epoch 89 | 100
Train loss: 0.4599 -- Train acc: 0.7693 -- Val acc: 0.7550 -- Test acc: 0.7616
Epoch 90 | 100
Train loss: 0.4569 -- Train acc: 0.7691 -- Val acc: 0.7498 -- Test acc: 0.7574
Epoch 91 | 100
Train loss: 0.4543 -- Train acc: 0.7876 -- Val acc: 0.7682 -- Test acc: 0.7728
Epoch 92 | 100
Train loss: 0.4566 -- Train acc: 0.7727 -- Val acc: 0.7524 -- Test acc: 0.7632
Epoch 93 | 100
Train loss: 0.4548 -- Train acc: 0.7921 -- Val acc: 0.7660 -- Test acc: 0.7728
Epoch 94 | 100
Train loss: 0.4511 -- Train acc: 0.7941 -- Val acc: 0.7634 -- Test acc: 0.7790
Epoch 95 | 100
Train loss: 0.4503 -- Train acc: 0.7926 -- Val acc: 0.7618 -- Test acc: 0.7754
Epoch 96 | 100
Train loss: 0.4466 -- Train acc: 0.7679 -- Val acc: 0.7504 -- Test acc: 0.7596
Epoch 97 | 100
Train loss: 0.4477 -- Train acc: 0.8011 -- Val acc: 0.7710 -- Test acc: 0.7818
Epoch 98 | 100
Train loss: 0.4460 -- Train acc: 0.7939 -- Val acc: 0.7650 -- Test acc: 0.7776
Epoch 99 | 100
Train loss: 0.4505 -- Train acc: 0.7909 -- Val acc: 0.7664 -- Test acc: 0.7702
Epoch 100 | 100
Train loss: 0.4486 -- Train acc: 0.7947 -- Val acc: 0.7750 -- Test acc: 0.7812
Training done! Elapsed time: 0:21:44

{'weight_decay': 0, 'optim': 'Adam', 'dropout': True, 'batch_size': 50, 'filename': 'models/adam_wn_lr_0.001', 'weight_norm': True, 'train_len': 15000, 'nb_epochs': 100, 'learning_rate': 0.001, 'momentum': 0.9, 'batch_norm': False}
Epoch 1 | 100
Train loss: 0.7152 -- Train acc: 0.5831 -- Val acc: 0.6032 -- Test acc: 0.5946
Epoch 2 | 100
Train loss: 0.6533 -- Train acc: 0.6379 -- Val acc: 0.6048 -- Test acc: 0.6130
Epoch 3 | 100
Train loss: 0.6082 -- Train acc: 0.7014 -- Val acc: 0.6958 -- Test acc: 0.7050
Epoch 4 | 100
Train loss: 0.5796 -- Train acc: 0.6681 -- Val acc: 0.6262 -- Test acc: 0.6322
Epoch 5 | 100
Train loss: 0.5603 -- Train acc: 0.7328 -- Val acc: 0.7216 -- Test acc: 0.7346
Epoch 6 | 100
Train loss: 0.5419 -- Train acc: 0.7499 -- Val acc: 0.7374 -- Test acc: 0.7516
Epoch 7 | 100
Train loss: 0.5279 -- Train acc: 0.7427 -- Val acc: 0.7378 -- Test acc: 0.7546
Epoch 8 | 100
Train loss: 0.5200 -- Train acc: 0.7448 -- Val acc: 0.7330 -- Test acc: 0.7434
Epoch 9 | 100
Train loss: 0.5083 -- Train acc: 0.7466 -- Val acc: 0.7472 -- Test acc: 0.7570
Epoch 10 | 100
Train loss: 0.4928 -- Train acc: 0.7683 -- Val acc: 0.7638 -- Test acc: 0.7732
Epoch 11 | 100
Train loss: 0.4784 -- Train acc: 0.7715 -- Val acc: 0.7750 -- Test acc: 0.7824
Epoch 12 | 100
Train loss: 0.4735 -- Train acc: 0.7617 -- Val acc: 0.7602 -- Test acc: 0.7650
Epoch 13 | 100
Train loss: 0.4643 -- Train acc: 0.7913 -- Val acc: 0.7834 -- Test acc: 0.7894
Epoch 14 | 100
Train loss: 0.4542 -- Train acc: 0.7831 -- Val acc: 0.7612 -- Test acc: 0.7684
Epoch 15 | 100
Train loss: 0.4495 -- Train acc: 0.8093 -- Val acc: 0.7938 -- Test acc: 0.8082
Epoch 16 | 100
Train loss: 0.4421 -- Train acc: 0.8040 -- Val acc: 0.8022 -- Test acc: 0.8066
Epoch 17 | 100
Train loss: 0.4313 -- Train acc: 0.8158 -- Val acc: 0.7980 -- Test acc: 0.8070
Epoch 18 | 100
Train loss: 0.4220 -- Train acc: 0.8131 -- Val acc: 0.7958 -- Test acc: 0.8032
Epoch 19 | 100
Train loss: 0.4182 -- Train acc: 0.8213 -- Val acc: 0.8152 -- Test acc: 0.8158
Epoch 20 | 100
Train loss: 0.4078 -- Train acc: 0.8039 -- Val acc: 0.7972 -- Test acc: 0.7976
Epoch 21 | 100
Train loss: 0.4018 -- Train acc: 0.8325 -- Val acc: 0.8120 -- Test acc: 0.8226
Epoch 22 | 100
Train loss: 0.3904 -- Train acc: 0.8340 -- Val acc: 0.8232 -- Test acc: 0.8290
Epoch 23 | 100
Train loss: 0.3847 -- Train acc: 0.8423 -- Val acc: 0.8242 -- Test acc: 0.8252
Epoch 24 | 100
Train loss: 0.3822 -- Train acc: 0.8407 -- Val acc: 0.8314 -- Test acc: 0.8382
Epoch 25 | 100
Train loss: 0.3712 -- Train acc: 0.8449 -- Val acc: 0.8394 -- Test acc: 0.8370
Epoch 26 | 100
Train loss: 0.3697 -- Train acc: 0.8207 -- Val acc: 0.8070 -- Test acc: 0.8134
Epoch 27 | 100
Train loss: 0.3587 -- Train acc: 0.8541 -- Val acc: 0.8364 -- Test acc: 0.8378
Epoch 28 | 100
Train loss: 0.3505 -- Train acc: 0.8551 -- Val acc: 0.8494 -- Test acc: 0.8436
Epoch 29 | 100
Train loss: 0.3387 -- Train acc: 0.8579 -- Val acc: 0.8500 -- Test acc: 0.8486
Epoch 30 | 100
Train loss: 0.3384 -- Train acc: 0.8388 -- Val acc: 0.8306 -- Test acc: 0.8274
Epoch 31 | 100
Train loss: 0.3269 -- Train acc: 0.8400 -- Val acc: 0.8216 -- Test acc: 0.8180
Epoch 32 | 100
Train loss: 0.3214 -- Train acc: 0.8665 -- Val acc: 0.8494 -- Test acc: 0.8456
Epoch 33 | 100
Train loss: 0.3188 -- Train acc: 0.8614 -- Val acc: 0.8524 -- Test acc: 0.8520
Epoch 34 | 100
Train loss: 0.3116 -- Train acc: 0.8707 -- Val acc: 0.8534 -- Test acc: 0.8594
Epoch 35 | 100
Train loss: 0.3040 -- Train acc: 0.8695 -- Val acc: 0.8556 -- Test acc: 0.8518
Epoch 36 | 100
Train loss: 0.2958 -- Train acc: 0.8551 -- Val acc: 0.8532 -- Test acc: 0.8434
Epoch 37 | 100
Train loss: 0.2972 -- Train acc: 0.8369 -- Val acc: 0.8174 -- Test acc: 0.8156
Epoch 38 | 100
Train loss: 0.2906 -- Train acc: 0.8024 -- Val acc: 0.8088 -- Test acc: 0.8024
Epoch 39 | 100
Train loss: 0.2856 -- Train acc: 0.8854 -- Val acc: 0.8644 -- Test acc: 0.8704
Epoch 40 | 100
Train loss: 0.2844 -- Train acc: 0.8825 -- Val acc: 0.8654 -- Test acc: 0.8676
Epoch 41 | 100
Train loss: 0.2808 -- Train acc: 0.8895 -- Val acc: 0.8718 -- Test acc: 0.8756
Epoch 42 | 100
Train loss: 0.2788 -- Train acc: 0.8772 -- Val acc: 0.8606 -- Test acc: 0.8614
Epoch 43 | 100
Train loss: 0.2697 -- Train acc: 0.8976 -- Val acc: 0.8806 -- Test acc: 0.8760
Epoch 44 | 100
Train loss: 0.2664 -- Train acc: 0.8851 -- Val acc: 0.8778 -- Test acc: 0.8758
Epoch 45 | 100
Train loss: 0.2610 -- Train acc: 0.8959 -- Val acc: 0.8716 -- Test acc: 0.8636
Epoch 46 | 100
Train loss: 0.2563 -- Train acc: 0.8867 -- Val acc: 0.8652 -- Test acc: 0.8664
Epoch 47 | 100
Train loss: 0.2531 -- Train acc: 0.9046 -- Val acc: 0.8758 -- Test acc: 0.8756
Epoch 48 | 100
Train loss: 0.2452 -- Train acc: 0.9045 -- Val acc: 0.8752 -- Test acc: 0.8814
Epoch 49 | 100
Train loss: 0.2473 -- Train acc: 0.8992 -- Val acc: 0.8738 -- Test acc: 0.8760
Epoch 50 | 100
Train loss: 0.2458 -- Train acc: 0.8998 -- Val acc: 0.8726 -- Test acc: 0.8716
Epoch 51 | 100
Train loss: 0.2421 -- Train acc: 0.9021 -- Val acc: 0.8742 -- Test acc: 0.8748
Epoch 52 | 100
Train loss: 0.2328 -- Train acc: 0.8845 -- Val acc: 0.8628 -- Test acc: 0.8534
Epoch 53 | 100
Train loss: 0.2372 -- Train acc: 0.9039 -- Val acc: 0.8758 -- Test acc: 0.8850
Epoch 54 | 100
Train loss: 0.2276 -- Train acc: 0.9114 -- Val acc: 0.8830 -- Test acc: 0.8788
Epoch 55 | 100
Train loss: 0.2292 -- Train acc: 0.9131 -- Val acc: 0.8852 -- Test acc: 0.8852
Epoch 56 | 100
Train loss: 0.2300 -- Train acc: 0.8948 -- Val acc: 0.8748 -- Test acc: 0.8714
Epoch 57 | 100
Train loss: 0.2217 -- Train acc: 0.9179 -- Val acc: 0.8870 -- Test acc: 0.8828
Epoch 58 | 100
Train loss: 0.2179 -- Train acc: 0.9114 -- Val acc: 0.8816 -- Test acc: 0.8806
Epoch 59 | 100
Train loss: 0.2166 -- Train acc: 0.9127 -- Val acc: 0.8790 -- Test acc: 0.8870
Epoch 60 | 100
Train loss: 0.2194 -- Train acc: 0.9194 -- Val acc: 0.8860 -- Test acc: 0.8836
Epoch 61 | 100
Train loss: 0.2154 -- Train acc: 0.9109 -- Val acc: 0.8830 -- Test acc: 0.8852
Epoch 62 | 100
Train loss: 0.2122 -- Train acc: 0.9213 -- Val acc: 0.8884 -- Test acc: 0.8842
Epoch 63 | 100
Train loss: 0.2060 -- Train acc: 0.9179 -- Val acc: 0.8862 -- Test acc: 0.8744
Epoch 64 | 100
Train loss: 0.2048 -- Train acc: 0.9270 -- Val acc: 0.8906 -- Test acc: 0.8850
Epoch 65 | 100
Train loss: 0.1990 -- Train acc: 0.9219 -- Val acc: 0.8828 -- Test acc: 0.8782
Epoch 66 | 100
Train loss: 0.2015 -- Train acc: 0.9097 -- Val acc: 0.8808 -- Test acc: 0.8804
Epoch 67 | 100
Train loss: 0.2026 -- Train acc: 0.9217 -- Val acc: 0.8854 -- Test acc: 0.8784
Epoch 68 | 100
Train loss: 0.1931 -- Train acc: 0.9203 -- Val acc: 0.8840 -- Test acc: 0.8774
Epoch 69 | 100
Train loss: 0.1975 -- Train acc: 0.9140 -- Val acc: 0.8826 -- Test acc: 0.8758
Epoch 70 | 100
Train loss: 0.1908 -- Train acc: 0.9281 -- Val acc: 0.8924 -- Test acc: 0.8870
Epoch 71 | 100
Train loss: 0.1996 -- Train acc: 0.9211 -- Val acc: 0.8876 -- Test acc: 0.8814
Epoch 72 | 100
Train loss: 0.1827 -- Train acc: 0.9200 -- Val acc: 0.8848 -- Test acc: 0.8822
Epoch 73 | 100
Train loss: 0.1864 -- Train acc: 0.9317 -- Val acc: 0.8858 -- Test acc: 0.8924
Epoch 74 | 100
Train loss: 0.1879 -- Train acc: 0.9221 -- Val acc: 0.8828 -- Test acc: 0.8878
Epoch 75 | 100
Train loss: 0.1786 -- Train acc: 0.8970 -- Val acc: 0.8630 -- Test acc: 0.8614
Epoch 76 | 100
Train loss: 0.1778 -- Train acc: 0.9323 -- Val acc: 0.8932 -- Test acc: 0.8894
Epoch 77 | 100
Train loss: 0.1741 -- Train acc: 0.9261 -- Val acc: 0.8890 -- Test acc: 0.8904
Epoch 78 | 100
Train loss: 0.1774 -- Train acc: 0.9370 -- Val acc: 0.8836 -- Test acc: 0.8912
Epoch 79 | 100
Train loss: 0.1705 -- Train acc: 0.9358 -- Val acc: 0.8928 -- Test acc: 0.8892
Epoch 80 | 100
Train loss: 0.1746 -- Train acc: 0.9379 -- Val acc: 0.8892 -- Test acc: 0.8882
Epoch 81 | 100
Train loss: 0.1699 -- Train acc: 0.9295 -- Val acc: 0.8878 -- Test acc: 0.8898
Epoch 82 | 100
Train loss: 0.1766 -- Train acc: 0.9378 -- Val acc: 0.8930 -- Test acc: 0.8854
Epoch 83 | 100
Train loss: 0.1635 -- Train acc: 0.9280 -- Val acc: 0.8870 -- Test acc: 0.8908
Epoch 84 | 100
Train loss: 0.1673 -- Train acc: 0.9364 -- Val acc: 0.8918 -- Test acc: 0.8866
Epoch 85 | 100
Train loss: 0.1626 -- Train acc: 0.9394 -- Val acc: 0.8906 -- Test acc: 0.8876
Epoch 86 | 100
Train loss: 0.1567 -- Train acc: 0.9419 -- Val acc: 0.8904 -- Test acc: 0.8902
Epoch 87 | 100
Train loss: 0.1591 -- Train acc: 0.9430 -- Val acc: 0.9008 -- Test acc: 0.8974
Epoch 88 | 100
Train loss: 0.1545 -- Train acc: 0.9275 -- Val acc: 0.8868 -- Test acc: 0.8814
Epoch 89 | 100
Train loss: 0.1514 -- Train acc: 0.9400 -- Val acc: 0.8950 -- Test acc: 0.8910
Epoch 90 | 100
Train loss: 0.1550 -- Train acc: 0.9382 -- Val acc: 0.8860 -- Test acc: 0.8888
Epoch 91 | 100
Train loss: 0.1493 -- Train acc: 0.9449 -- Val acc: 0.8900 -- Test acc: 0.8926
Epoch 92 | 100
Train loss: 0.1495 -- Train acc: 0.9433 -- Val acc: 0.8882 -- Test acc: 0.8864
Epoch 93 | 100
Train loss: 0.1456 -- Train acc: 0.9445 -- Val acc: 0.8958 -- Test acc: 0.8906
Epoch 94 | 100
Train loss: 0.1447 -- Train acc: 0.9445 -- Val acc: 0.8936 -- Test acc: 0.8910
Epoch 95 | 100
Train loss: 0.1417 -- Train acc: 0.9404 -- Val acc: 0.8854 -- Test acc: 0.8816
Epoch 96 | 100
Train loss: 0.1445 -- Train acc: 0.9557 -- Val acc: 0.8932 -- Test acc: 0.8980
Epoch 97 | 100
Train loss: 0.1429 -- Train acc: 0.9471 -- Val acc: 0.8900 -- Test acc: 0.8876
Epoch 98 | 100
Train loss: 0.1399 -- Train acc: 0.9441 -- Val acc: 0.8848 -- Test acc: 0.8862
Epoch 99 | 100
Train loss: 0.1438 -- Train acc: 0.9470 -- Val acc: 0.9038 -- Test acc: 0.8930
Epoch 100 | 100
Train loss: 0.1396 -- Train acc: 0.9461 -- Val acc: 0.8874 -- Test acc: 0.8822
Training done! Elapsed time: 0:22:30

{'weight_decay': 0, 'optim': 'Adam', 'dropout': True, 'batch_size': 50, 'filename': 'models/adam_bn_lr_0.0001', 'weight_norm': False, 'train_len': 15000, 'nb_epochs': 100, 'learning_rate': 0.0001, 'momentum': 0.9, 'batch_norm': True}
Epoch 1 | 100
Train loss: 0.8965 -- Train acc: 0.5873 -- Val acc: 0.5900 -- Test acc: 0.5750
Epoch 2 | 100
Train loss: 0.6507 -- Train acc: 0.6271 -- Val acc: 0.6298 -- Test acc: 0.6306
Epoch 3 | 100
Train loss: 0.6314 -- Train acc: 0.6610 -- Val acc: 0.6652 -- Test acc: 0.6674
Epoch 4 | 100
Train loss: 0.6163 -- Train acc: 0.6555 -- Val acc: 0.6580 -- Test acc: 0.6586
Epoch 5 | 100
Train loss: 0.6036 -- Train acc: 0.6903 -- Val acc: 0.6864 -- Test acc: 0.6892
Epoch 6 | 100
Train loss: 0.5926 -- Train acc: 0.6949 -- Val acc: 0.6842 -- Test acc: 0.6948
Epoch 7 | 100
Train loss: 0.5899 -- Train acc: 0.7075 -- Val acc: 0.6980 -- Test acc: 0.7130
Epoch 8 | 100
Train loss: 0.5734 -- Train acc: 0.6882 -- Val acc: 0.6894 -- Test acc: 0.7010
Epoch 9 | 100
Train loss: 0.5622 -- Train acc: 0.7125 -- Val acc: 0.6964 -- Test acc: 0.7174
Epoch 10 | 100
Train loss: 0.5565 -- Train acc: 0.7217 -- Val acc: 0.7076 -- Test acc: 0.7178
Epoch 11 | 100
Train loss: 0.5440 -- Train acc: 0.7333 -- Val acc: 0.7168 -- Test acc: 0.7286
Epoch 12 | 100
Train loss: 0.5377 -- Train acc: 0.7299 -- Val acc: 0.7154 -- Test acc: 0.7188
Epoch 13 | 100
Train loss: 0.5346 -- Train acc: 0.7451 -- Val acc: 0.7260 -- Test acc: 0.7428
Epoch 14 | 100
Train loss: 0.5281 -- Train acc: 0.7431 -- Val acc: 0.7224 -- Test acc: 0.7276
Epoch 15 | 100
Train loss: 0.5151 -- Train acc: 0.7362 -- Val acc: 0.7218 -- Test acc: 0.7294
Epoch 16 | 100
Train loss: 0.5115 -- Train acc: 0.7553 -- Val acc: 0.7324 -- Test acc: 0.7478
Epoch 17 | 100
Train loss: 0.4965 -- Train acc: 0.7630 -- Val acc: 0.7400 -- Test acc: 0.7578
Epoch 18 | 100
Train loss: 0.4990 -- Train acc: 0.7592 -- Val acc: 0.7348 -- Test acc: 0.7436
Epoch 19 | 100
Train loss: 0.4879 -- Train acc: 0.7665 -- Val acc: 0.7324 -- Test acc: 0.7534
Epoch 20 | 100
Train loss: 0.4827 -- Train acc: 0.7779 -- Val acc: 0.7468 -- Test acc: 0.7732
Epoch 21 | 100
Train loss: 0.4752 -- Train acc: 0.7841 -- Val acc: 0.7486 -- Test acc: 0.7656
Epoch 22 | 100
Train loss: 0.4724 -- Train acc: 0.7729 -- Val acc: 0.7504 -- Test acc: 0.7614
Epoch 23 | 100
Train loss: 0.4632 -- Train acc: 0.7869 -- Val acc: 0.7558 -- Test acc: 0.7716
Epoch 24 | 100
Train loss: 0.4623 -- Train acc: 0.8016 -- Val acc: 0.7602 -- Test acc: 0.7762
Epoch 25 | 100
Train loss: 0.4584 -- Train acc: 0.7909 -- Val acc: 0.7526 -- Test acc: 0.7754
Epoch 26 | 100
Train loss: 0.4491 -- Train acc: 0.7928 -- Val acc: 0.7498 -- Test acc: 0.7698
Epoch 27 | 100
Train loss: 0.4341 -- Train acc: 0.8067 -- Val acc: 0.7686 -- Test acc: 0.7838
Epoch 28 | 100
Train loss: 0.4324 -- Train acc: 0.8079 -- Val acc: 0.7680 -- Test acc: 0.7858
Epoch 29 | 100
Train loss: 0.4240 -- Train acc: 0.8099 -- Val acc: 0.7584 -- Test acc: 0.7698
Epoch 30 | 100
Train loss: 0.4180 -- Train acc: 0.8156 -- Val acc: 0.7700 -- Test acc: 0.7798
Epoch 31 | 100
Train loss: 0.4120 -- Train acc: 0.8077 -- Val acc: 0.7584 -- Test acc: 0.7780
Epoch 32 | 100
Train loss: 0.4085 -- Train acc: 0.8145 -- Val acc: 0.7556 -- Test acc: 0.7758
Epoch 33 | 100
Train loss: 0.3982 -- Train acc: 0.8249 -- Val acc: 0.7580 -- Test acc: 0.7652
Epoch 34 | 100
Train loss: 0.3901 -- Train acc: 0.8327 -- Val acc: 0.7702 -- Test acc: 0.7848
Epoch 35 | 100
Train loss: 0.3908 -- Train acc: 0.8306 -- Val acc: 0.7674 -- Test acc: 0.7788
Epoch 36 | 100
Train loss: 0.3760 -- Train acc: 0.8362 -- Val acc: 0.7688 -- Test acc: 0.7780
Epoch 37 | 100
Train loss: 0.3749 -- Train acc: 0.8392 -- Val acc: 0.7710 -- Test acc: 0.7848
Epoch 38 | 100
Train loss: 0.3640 -- Train acc: 0.8461 -- Val acc: 0.7734 -- Test acc: 0.7904
Epoch 39 | 100
Train loss: 0.3560 -- Train acc: 0.8507 -- Val acc: 0.7656 -- Test acc: 0.7858
Epoch 40 | 100
Train loss: 0.3470 -- Train acc: 0.8436 -- Val acc: 0.7656 -- Test acc: 0.7808
Epoch 41 | 100
Train loss: 0.3455 -- Train acc: 0.8569 -- Val acc: 0.7628 -- Test acc: 0.7868
Epoch 42 | 100
Train loss: 0.3390 -- Train acc: 0.8630 -- Val acc: 0.7726 -- Test acc: 0.7836
Epoch 43 | 100
Train loss: 0.3257 -- Train acc: 0.8619 -- Val acc: 0.7664 -- Test acc: 0.7802
Epoch 44 | 100
Train loss: 0.3294 -- Train acc: 0.8725 -- Val acc: 0.7790 -- Test acc: 0.7924
Epoch 45 | 100
Train loss: 0.3124 -- Train acc: 0.8677 -- Val acc: 0.7670 -- Test acc: 0.7766
Epoch 46 | 100
Train loss: 0.3036 -- Train acc: 0.8810 -- Val acc: 0.7738 -- Test acc: 0.7816
Epoch 47 | 100
Train loss: 0.2989 -- Train acc: 0.8815 -- Val acc: 0.7678 -- Test acc: 0.7756
Epoch 48 | 100
Train loss: 0.2963 -- Train acc: 0.8787 -- Val acc: 0.7716 -- Test acc: 0.7854
Epoch 49 | 100
Train loss: 0.2869 -- Train acc: 0.8951 -- Val acc: 0.7714 -- Test acc: 0.7884
Epoch 50 | 100
Train loss: 0.2786 -- Train acc: 0.8949 -- Val acc: 0.7728 -- Test acc: 0.7746
Epoch 51 | 100
Train loss: 0.2726 -- Train acc: 0.9037 -- Val acc: 0.7684 -- Test acc: 0.7742
Epoch 52 | 100
Train loss: 0.2628 -- Train acc: 0.8997 -- Val acc: 0.7754 -- Test acc: 0.7814
Epoch 53 | 100
Train loss: 0.2551 -- Train acc: 0.9003 -- Val acc: 0.7756 -- Test acc: 0.7920
Epoch 54 | 100
Train loss: 0.2432 -- Train acc: 0.9111 -- Val acc: 0.7790 -- Test acc: 0.7900
Epoch 55 | 100
Train loss: 0.2415 -- Train acc: 0.8926 -- Val acc: 0.7534 -- Test acc: 0.7682
Epoch 56 | 100
Train loss: 0.2301 -- Train acc: 0.8850 -- Val acc: 0.7632 -- Test acc: 0.7736
Epoch 57 | 100
Train loss: 0.2189 -- Train acc: 0.9153 -- Val acc: 0.7788 -- Test acc: 0.7872
Epoch 58 | 100
Train loss: 0.2150 -- Train acc: 0.9198 -- Val acc: 0.7610 -- Test acc: 0.7740
Epoch 59 | 100
Train loss: 0.2061 -- Train acc: 0.9213 -- Val acc: 0.7742 -- Test acc: 0.7848
Epoch 60 | 100
Train loss: 0.2013 -- Train acc: 0.9338 -- Val acc: 0.7702 -- Test acc: 0.7750
Epoch 61 | 100
Train loss: 0.2055 -- Train acc: 0.9301 -- Val acc: 0.7736 -- Test acc: 0.7804
Epoch 62 | 100
Train loss: 0.1896 -- Train acc: 0.9295 -- Val acc: 0.7692 -- Test acc: 0.7780
Epoch 63 | 100
Train loss: 0.1881 -- Train acc: 0.9218 -- Val acc: 0.7636 -- Test acc: 0.7756
Epoch 64 | 100
Train loss: 0.1825 -- Train acc: 0.9358 -- Val acc: 0.7648 -- Test acc: 0.7780
Epoch 65 | 100
Train loss: 0.1712 -- Train acc: 0.9398 -- Val acc: 0.7686 -- Test acc: 0.7802
Epoch 66 | 100
Train loss: 0.1710 -- Train acc: 0.9467 -- Val acc: 0.7710 -- Test acc: 0.7768
Epoch 67 | 100
Train loss: 0.1630 -- Train acc: 0.9436 -- Val acc: 0.7762 -- Test acc: 0.7816
Epoch 68 | 100
Train loss: 0.1569 -- Train acc: 0.9335 -- Val acc: 0.7622 -- Test acc: 0.7704
Epoch 69 | 100
Train loss: 0.1529 -- Train acc: 0.9501 -- Val acc: 0.7636 -- Test acc: 0.7720
Epoch 70 | 100
Train loss: 0.1402 -- Train acc: 0.9494 -- Val acc: 0.7742 -- Test acc: 0.7720
Epoch 71 | 100
Train loss: 0.1497 -- Train acc: 0.9400 -- Val acc: 0.7606 -- Test acc: 0.7724
Epoch 72 | 100
Train loss: 0.1415 -- Train acc: 0.9519 -- Val acc: 0.7760 -- Test acc: 0.7786
Epoch 73 | 100
Train loss: 0.1360 -- Train acc: 0.9531 -- Val acc: 0.7630 -- Test acc: 0.7748
Epoch 74 | 100
Train loss: 0.1305 -- Train acc: 0.9523 -- Val acc: 0.7698 -- Test acc: 0.7800
Epoch 75 | 100
Train loss: 0.1308 -- Train acc: 0.9517 -- Val acc: 0.7626 -- Test acc: 0.7678
Epoch 76 | 100
Train loss: 0.1230 -- Train acc: 0.9215 -- Val acc: 0.7624 -- Test acc: 0.7754
Epoch 77 | 100
Train loss: 0.1154 -- Train acc: 0.9587 -- Val acc: 0.7722 -- Test acc: 0.7780
Epoch 78 | 100
Train loss: 0.1209 -- Train acc: 0.9602 -- Val acc: 0.7696 -- Test acc: 0.7792
Epoch 79 | 100
Train loss: 0.1161 -- Train acc: 0.9585 -- Val acc: 0.7684 -- Test acc: 0.7778
Epoch 80 | 100
Train loss: 0.1163 -- Train acc: 0.9574 -- Val acc: 0.7718 -- Test acc: 0.7806
Epoch 81 | 100
Train loss: 0.1082 -- Train acc: 0.9607 -- Val acc: 0.7672 -- Test acc: 0.7708
Epoch 82 | 100
Train loss: 0.1081 -- Train acc: 0.9647 -- Val acc: 0.7646 -- Test acc: 0.7774
Epoch 83 | 100
Train loss: 0.1064 -- Train acc: 0.9665 -- Val acc: 0.7624 -- Test acc: 0.7778
Epoch 84 | 100
Train loss: 0.1006 -- Train acc: 0.9691 -- Val acc: 0.7676 -- Test acc: 0.7728
Epoch 85 | 100
Train loss: 0.0994 -- Train acc: 0.9721 -- Val acc: 0.7694 -- Test acc: 0.7716
Epoch 86 | 100
Train loss: 0.0953 -- Train acc: 0.9543 -- Val acc: 0.7552 -- Test acc: 0.7664
Epoch 87 | 100
Train loss: 0.0951 -- Train acc: 0.9683 -- Val acc: 0.7668 -- Test acc: 0.7722
Epoch 88 | 100
Train loss: 0.0928 -- Train acc: 0.9485 -- Val acc: 0.7708 -- Test acc: 0.7700
Epoch 89 | 100
Train loss: 0.0928 -- Train acc: 0.9691 -- Val acc: 0.7792 -- Test acc: 0.7852
Epoch 90 | 100
Train loss: 0.0914 -- Train acc: 0.9685 -- Val acc: 0.7668 -- Test acc: 0.7724
Epoch 91 | 100
Train loss: 0.0908 -- Train acc: 0.9703 -- Val acc: 0.7744 -- Test acc: 0.7758
Epoch 92 | 100
Train loss: 0.0812 -- Train acc: 0.9714 -- Val acc: 0.7660 -- Test acc: 0.7770
Epoch 93 | 100
Train loss: 0.0888 -- Train acc: 0.9743 -- Val acc: 0.7692 -- Test acc: 0.7744
Epoch 94 | 100
Train loss: 0.0903 -- Train acc: 0.9725 -- Val acc: 0.7750 -- Test acc: 0.7790
Epoch 95 | 100
Train loss: 0.0811 -- Train acc: 0.9733 -- Val acc: 0.7728 -- Test acc: 0.7836
Epoch 96 | 100
Train loss: 0.0767 -- Train acc: 0.9669 -- Val acc: 0.7664 -- Test acc: 0.7728
Epoch 97 | 100
Train loss: 0.0813 -- Train acc: 0.9764 -- Val acc: 0.7742 -- Test acc: 0.7906
Epoch 98 | 100
Train loss: 0.0727 -- Train acc: 0.9767 -- Val acc: 0.7702 -- Test acc: 0.7838
Epoch 99 | 100
Train loss: 0.0804 -- Train acc: 0.9724 -- Val acc: 0.7622 -- Test acc: 0.7736
Epoch 100 | 100
Train loss: 0.0794 -- Train acc: 0.9753 -- Val acc: 0.7726 -- Test acc: 0.7722
Training done! Elapsed time: 0:22:17

{'weight_decay': 0, 'optim': 'Adam', 'dropout': True, 'batch_size': 50, 'filename': 'models/adam_bn_lr_0.01', 'weight_norm': False, 'train_len': 15000, 'nb_epochs': 100, 'learning_rate': 0.01, 'momentum': 0.9, 'batch_norm': True}
Epoch 1 | 100
Train loss: 2.2339 -- Train acc: 0.5031 -- Val acc: 0.5008 -- Test acc: 0.5016
Epoch 2 | 100
Train loss: 0.6935 -- Train acc: 0.5000 -- Val acc: 0.5000 -- Test acc: 0.5000
Epoch 3 | 100
Train loss: 0.6935 -- Train acc: 0.5000 -- Val acc: 0.5000 -- Test acc: 0.5000
Epoch 4 | 100
Train loss: 0.6934 -- Train acc: 0.5000 -- Val acc: 0.5000 -- Test acc: 0.5000
Epoch 5 | 100
Train loss: 0.6938 -- Train acc: 0.5000 -- Val acc: 0.5000 -- Test acc: 0.5000
Epoch 6 | 100
Train loss: 0.6934 -- Train acc: 0.5000 -- Val acc: 0.5000 -- Test acc: 0.5000
Epoch 7 | 100
Train loss: 0.6935 -- Train acc: 0.5000 -- Val acc: 0.5000 -- Test acc: 0.5000
Epoch 8 | 100
Train loss: 0.6936 -- Train acc: 0.5000 -- Val acc: 0.5000 -- Test acc: 0.5000
Epoch 9 | 100
Train loss: 0.6934 -- Train acc: 0.5000 -- Val acc: 0.5000 -- Test acc: 0.5000
Epoch 10 | 100
Train loss: 0.6935 -- Train acc: 0.5000 -- Val acc: 0.5000 -- Test acc: 0.5000
Epoch 11 | 100
Train loss: 0.6935 -- Train acc: 0.5000 -- Val acc: 0.5000 -- Test acc: 0.5000
Epoch 12 | 100
Train loss: 0.6936 -- Train acc: 0.5000 -- Val acc: 0.5000 -- Test acc: 0.5000
Epoch 13 | 100
Train loss: 0.6937 -- Train acc: 0.5000 -- Val acc: 0.5000 -- Test acc: 0.5000
Epoch 14 | 100
Train loss: 0.6937 -- Train acc: 0.5000 -- Val acc: 0.5000 -- Test acc: 0.5000
Epoch 15 | 100
Train loss: 0.6935 -- Train acc: 0.5000 -- Val acc: 0.5000 -- Test acc: 0.5000
Epoch 16 | 100
Train loss: 0.6937 -- Train acc: 0.5000 -- Val acc: 0.5000 -- Test acc: 0.5000
Epoch 17 | 100
Train loss: 0.6935 -- Train acc: 0.5000 -- Val acc: 0.5000 -- Test acc: 0.5000
Epoch 18 | 100
Train loss: 0.6935 -- Train acc: 0.5000 -- Val acc: 0.5000 -- Test acc: 0.5000
Epoch 19 | 100
Train loss: 0.6937 -- Train acc: 0.5000 -- Val acc: 0.5000 -- Test acc: 0.5000
Epoch 20 | 100
Train loss: 0.6935 -- Train acc: 0.5000 -- Val acc: 0.5000 -- Test acc: 0.5000
Epoch 21 | 100
Train loss: 0.6935 -- Train acc: 0.5000 -- Val acc: 0.5000 -- Test acc: 0.5000
Epoch 22 | 100
Train loss: 0.6935 -- Train acc: 0.5000 -- Val acc: 0.5000 -- Test acc: 0.5000
Epoch 23 | 100
Train loss: 0.6938 -- Train acc: 0.5000 -- Val acc: 0.5000 -- Test acc: 0.5000
Epoch 24 | 100
Train loss: 0.6935 -- Train acc: 0.5000 -- Val acc: 0.5000 -- Test acc: 0.5000
Epoch 25 | 100
Train loss: 0.6936 -- Train acc: 0.5000 -- Val acc: 0.5000 -- Test acc: 0.5000
Epoch 26 | 100
Train loss: 0.6936 -- Train acc: 0.5000 -- Val acc: 0.5000 -- Test acc: 0.5000
Epoch 27 | 100
Train loss: 0.6937 -- Train acc: 0.5000 -- Val acc: 0.5000 -- Test acc: 0.5000
Epoch 28 | 100
Train loss: 0.6936 -- Train acc: 0.5000 -- Val acc: 0.5000 -- Test acc: 0.5000
Epoch 29 | 100
Train loss: 0.6935 -- Train acc: 0.5000 -- Val acc: 0.5000 -- Test acc: 0.5000
Epoch 30 | 100
Train loss: 0.6934 -- Train acc: 0.5000 -- Val acc: 0.5000 -- Test acc: 0.5000
Epoch 31 | 100
Train loss: 0.6936 -- Train acc: 0.5000 -- Val acc: 0.5000 -- Test acc: 0.5000
Epoch 32 | 100
Train loss: 0.6936 -- Train acc: 0.5000 -- Val acc: 0.5000 -- Test acc: 0.5000
Epoch 33 | 100
Train loss: 0.6935 -- Train acc: 0.5000 -- Val acc: 0.5000 -- Test acc: 0.5000
Epoch 34 | 100
Train loss: 0.6935 -- Train acc: 0.5000 -- Val acc: 0.5000 -- Test acc: 0.5000
Epoch 35 | 100
Train loss: 0.6935 -- Train acc: 0.5000 -- Val acc: 0.5000 -- Test acc: 0.5000
Epoch 36 | 100
Train loss: 0.6938 -- Train acc: 0.5000 -- Val acc: 0.5000 -- Test acc: 0.5000
Epoch 37 | 100
Train loss: 0.6936 -- Train acc: 0.5000 -- Val acc: 0.5000 -- Test acc: 0.5000
Epoch 38 | 100
Train loss: 0.6936 -- Train acc: 0.5000 -- Val acc: 0.5000 -- Test acc: 0.5000
Epoch 39 | 100
Train loss: 0.6935 -- Train acc: 0.5000 -- Val acc: 0.5000 -- Test acc: 0.5000
Epoch 40 | 100
Train loss: 0.6935 -- Train acc: 0.5000 -- Val acc: 0.5000 -- Test acc: 0.5000
Epoch 41 | 100
Train loss: 0.6935 -- Train acc: 0.5000 -- Val acc: 0.5000 -- Test acc: 0.5000
Epoch 42 | 100
Train loss: 0.6935 -- Train acc: 0.5000 -- Val acc: 0.5000 -- Test acc: 0.5000
Epoch 43 | 100
Train loss: 0.6934 -- Train acc: 0.5000 -- Val acc: 0.5000 -- Test acc: 0.5000
Epoch 44 | 100
Train loss: 0.6934 -- Train acc: 0.5000 -- Val acc: 0.5000 -- Test acc: 0.5000
Epoch 45 | 100
Train loss: 0.6937 -- Train acc: 0.5000 -- Val acc: 0.5000 -- Test acc: 0.5000
Epoch 46 | 100
Train loss: 0.6932 -- Train acc: 0.5000 -- Val acc: 0.5000 -- Test acc: 0.5000
Epoch 47 | 100
Train loss: 0.6936 -- Train acc: 0.5000 -- Val acc: 0.5000 -- Test acc: 0.5000
Epoch 48 | 100
Train loss: 0.6935 -- Train acc: 0.5000 -- Val acc: 0.5000 -- Test acc: 0.5000
Epoch 49 | 100
Train loss: 0.6936 -- Train acc: 0.5000 -- Val acc: 0.5000 -- Test acc: 0.5000
Epoch 50 | 100
Train loss: 0.6935 -- Train acc: 0.5000 -- Val acc: 0.5000 -- Test acc: 0.5000
Epoch 51 | 100
Train loss: 0.6935 -- Train acc: 0.5000 -- Val acc: 0.5000 -- Test acc: 0.5000
Epoch 52 | 100
Train loss: 0.6935 -- Train acc: 0.5000 -- Val acc: 0.5000 -- Test acc: 0.5000
Epoch 53 | 100
Train loss: 0.6936 -- Train acc: 0.5000 -- Val acc: 0.5000 -- Test acc: 0.5000
Epoch 54 | 100
Train loss: 0.6937 -- Train acc: 0.5000 -- Val acc: 0.5000 -- Test acc: 0.5000
Epoch 55 | 100
Train loss: 0.6936 -- Train acc: 0.5000 -- Val acc: 0.5000 -- Test acc: 0.5000
Epoch 56 | 100
Train loss: 0.6936 -- Train acc: 0.5000 -- Val acc: 0.5000 -- Test acc: 0.5000
Epoch 57 | 100
Train loss: 0.6935 -- Train acc: 0.5000 -- Val acc: 0.5000 -- Test acc: 0.5000
Epoch 58 | 100
Train loss: 0.6937 -- Train acc: 0.5000 -- Val acc: 0.5000 -- Test acc: 0.5000
Epoch 59 | 100
Train loss: 0.6937 -- Train acc: 0.5000 -- Val acc: 0.5000 -- Test acc: 0.5000
Epoch 60 | 100
Train loss: 0.6935 -- Train acc: 0.5000 -- Val acc: 0.5000 -- Test acc: 0.5000
Epoch 61 | 100
Train loss: 0.6935 -- Train acc: 0.5000 -- Val acc: 0.5000 -- Test acc: 0.5000
Epoch 62 | 100
Train loss: 0.6936 -- Train acc: 0.5000 -- Val acc: 0.5000 -- Test acc: 0.5000
Epoch 63 | 100
Train loss: 0.6934 -- Train acc: 0.5000 -- Val acc: 0.5000 -- Test acc: 0.5000
Epoch 64 | 100
Train loss: 0.6934 -- Train acc: 0.5000 -- Val acc: 0.5000 -- Test acc: 0.5000
Epoch 65 | 100
Train loss: 0.6935 -- Train acc: 0.5000 -- Val acc: 0.5000 -- Test acc: 0.5000
Epoch 66 | 100
Train loss: 0.6934 -- Train acc: 0.5000 -- Val acc: 0.5000 -- Test acc: 0.5000
Epoch 67 | 100
Train loss: 0.6935 -- Train acc: 0.5000 -- Val acc: 0.5000 -- Test acc: 0.5000
Epoch 68 | 100
Train loss: 0.6936 -- Train acc: 0.5000 -- Val acc: 0.5000 -- Test acc: 0.5000
Epoch 69 | 100
Train loss: 0.6935 -- Train acc: 0.5000 -- Val acc: 0.5000 -- Test acc: 0.5000
Epoch 70 | 100
Train loss: 0.6936 -- Train acc: 0.5000 -- Val acc: 0.5000 -- Test acc: 0.5000
Epoch 71 | 100
Train loss: 0.6933 -- Train acc: 0.5000 -- Val acc: 0.5000 -- Test acc: 0.5000
Epoch 72 | 100
Train loss: 0.6932 -- Train acc: 0.5000 -- Val acc: 0.5000 -- Test acc: 0.5000
Epoch 73 | 100
Train loss: 0.6936 -- Train acc: 0.5000 -- Val acc: 0.5000 -- Test acc: 0.5000
Epoch 74 | 100
Train loss: 0.6934 -- Train acc: 0.5000 -- Val acc: 0.5000 -- Test acc: 0.5000
Epoch 75 | 100
Train loss: 0.6936 -- Train acc: 0.5000 -- Val acc: 0.5000 -- Test acc: 0.5000
Epoch 76 | 100
Train loss: 0.6934 -- Train acc: 0.5000 -- Val acc: 0.5000 -- Test acc: 0.5000
Epoch 77 | 100
Train loss: 0.6934 -- Train acc: 0.5000 -- Val acc: 0.5000 -- Test acc: 0.5000
Epoch 78 | 100
Train loss: 0.6936 -- Train acc: 0.5000 -- Val acc: 0.5000 -- Test acc: 0.5000
Epoch 79 | 100
Train loss: 0.6935 -- Train acc: 0.5000 -- Val acc: 0.5000 -- Test acc: 0.5000
Epoch 80 | 100
Train loss: 0.6935 -- Train acc: 0.5000 -- Val acc: 0.5000 -- Test acc: 0.5000
Epoch 81 | 100
Train loss: 0.6936 -- Train acc: 0.5000 -- Val acc: 0.5000 -- Test acc: 0.5000
Epoch 82 | 100
Train loss: 0.6936 -- Train acc: 0.5000 -- Val acc: 0.5000 -- Test acc: 0.5000
Epoch 83 | 100
Train loss: 0.6934 -- Train acc: 0.5000 -- Val acc: 0.5000 -- Test acc: 0.5000
Epoch 84 | 100
Train loss: 0.6934 -- Train acc: 0.5000 -- Val acc: 0.5000 -- Test acc: 0.5000
Epoch 85 | 100
Train loss: 0.6937 -- Train acc: 0.5000 -- Val acc: 0.5000 -- Test acc: 0.5000
Epoch 86 | 100
Train loss: 0.6935 -- Train acc: 0.5000 -- Val acc: 0.5000 -- Test acc: 0.5000
Epoch 87 | 100
Train loss: 0.6938 -- Train acc: 0.5000 -- Val acc: 0.5000 -- Test acc: 0.5000
Epoch 88 | 100
Train loss: 0.6936 -- Train acc: 0.5000 -- Val acc: 0.5000 -- Test acc: 0.5000
Epoch 89 | 100
Train loss: 0.6934 -- Train acc: 0.5000 -- Val acc: 0.5000 -- Test acc: 0.5000
Epoch 90 | 100
Train loss: 0.6937 -- Train acc: 0.5000 -- Val acc: 0.5000 -- Test acc: 0.5000
Epoch 91 | 100
Train loss: 0.6935 -- Train acc: 0.5000 -- Val acc: 0.5000 -- Test acc: 0.5000
Epoch 92 | 100
Train loss: 0.6936 -- Train acc: 0.5000 -- Val acc: 0.5000 -- Test acc: 0.5000
Epoch 93 | 100
Train loss: 0.6934 -- Train acc: 0.5000 -- Val acc: 0.5000 -- Test acc: 0.5000
Epoch 94 | 100
Train loss: 0.6934 -- Train acc: 0.5000 -- Val acc: 0.5000 -- Test acc: 0.5000
Epoch 95 | 100
Train loss: 0.6935 -- Train acc: 0.5000 -- Val acc: 0.5000 -- Test acc: 0.5000
Epoch 96 | 100
Train loss: 0.6934 -- Train acc: 0.5000 -- Val acc: 0.5000 -- Test acc: 0.5000
Epoch 97 | 100
Train loss: 0.6936 -- Train acc: 0.5000 -- Val acc: 0.5000 -- Test acc: 0.5000
Epoch 98 | 100
Train loss: 0.6937 -- Train acc: 0.5000 -- Val acc: 0.5000 -- Test acc: 0.5000
Epoch 99 | 100
Train loss: 0.6933 -- Train acc: 0.5000 -- Val acc: 0.5000 -- Test acc: 0.5000
Epoch 100 | 100
Train loss: 0.6937 -- Train acc: 0.5000 -- Val acc: 0.5000 -- Test acc: 0.5000
Training done! Elapsed time: 0:22:15

{'weight_decay': 0.5, 'optim': 'Adam', 'dropout': True, 'batch_size': 50, 'filename': 'models/adam_weight_decay_0.001_lr_0.001', 'weight_norm': False, 'train_len': 15000, 'nb_epochs': 100, 'learning_rate': 0.001, 'momentum': 0.9, 'batch_norm': True}
Epoch 1 | 100
Train loss: 0.9108 -- Train acc: 0.6018 -- Val acc: 0.6026 -- Test acc: 0.6046
Epoch 2 | 100
Train loss: 0.6715 -- Train acc: 0.6292 -- Val acc: 0.6412 -- Test acc: 0.6322
Epoch 3 | 100
Train loss: 0.6548 -- Train acc: 0.6082 -- Val acc: 0.6248 -- Test acc: 0.6266
Epoch 4 | 100
Train loss: 0.6446 -- Train acc: 0.6152 -- Val acc: 0.6132 -- Test acc: 0.6112
Epoch 5 | 100
Train loss: 0.6396 -- Train acc: 0.6652 -- Val acc: 0.6730 -- Test acc: 0.6662
Epoch 6 | 100
Train loss: 0.6200 -- Train acc: 0.6856 -- Val acc: 0.6750 -- Test acc: 0.6838
Epoch 7 | 100
Train loss: 0.6077 -- Train acc: 0.7028 -- Val acc: 0.6990 -- Test acc: 0.7056
Epoch 8 | 100
Train loss: 0.5833 -- Train acc: 0.7004 -- Val acc: 0.6978 -- Test acc: 0.7040
Epoch 9 | 100
Train loss: 0.5707 -- Train acc: 0.6861 -- Val acc: 0.6906 -- Test acc: 0.6980
Epoch 10 | 100
Train loss: 0.5614 -- Train acc: 0.7365 -- Val acc: 0.7322 -- Test acc: 0.7454
Epoch 11 | 100
Train loss: 0.5610 -- Train acc: 0.7407 -- Val acc: 0.7306 -- Test acc: 0.7390
Epoch 12 | 100
Train loss: 0.5431 -- Train acc: 0.7572 -- Val acc: 0.7566 -- Test acc: 0.7678
Epoch 13 | 100
Train loss: 0.5244 -- Train acc: 0.7617 -- Val acc: 0.7514 -- Test acc: 0.7686
Epoch 14 | 100
Train loss: 0.5221 -- Train acc: 0.7561 -- Val acc: 0.7478 -- Test acc: 0.7600
Epoch 15 | 100
Train loss: 0.5161 -- Train acc: 0.7181 -- Val acc: 0.7114 -- Test acc: 0.7192
Epoch 16 | 100
Train loss: 0.5180 -- Train acc: 0.7473 -- Val acc: 0.7478 -- Test acc: 0.7568
Epoch 17 | 100
Train loss: 0.5008 -- Train acc: 0.7605 -- Val acc: 0.7428 -- Test acc: 0.7612
Epoch 18 | 100
Train loss: 0.4999 -- Train acc: 0.7703 -- Val acc: 0.7608 -- Test acc: 0.7828
Epoch 19 | 100
Train loss: 0.5034 -- Train acc: 0.7375 -- Val acc: 0.7412 -- Test acc: 0.7476
Epoch 20 | 100
Train loss: 0.5011 -- Train acc: 0.7784 -- Val acc: 0.7600 -- Test acc: 0.7768
Epoch 21 | 100
Train loss: 0.4956 -- Train acc: 0.7693 -- Val acc: 0.7700 -- Test acc: 0.7782
Epoch 22 | 100
Train loss: 0.4900 -- Train acc: 0.7859 -- Val acc: 0.7738 -- Test acc: 0.7868
Epoch 23 | 100
Train loss: 0.4877 -- Train acc: 0.7515 -- Val acc: 0.7424 -- Test acc: 0.7566
Epoch 24 | 100
Train loss: 0.4907 -- Train acc: 0.7815 -- Val acc: 0.7714 -- Test acc: 0.7878
Epoch 25 | 100
Train loss: 0.4833 -- Train acc: 0.7863 -- Val acc: 0.7764 -- Test acc: 0.7838
Epoch 26 | 100
Train loss: 0.4789 -- Train acc: 0.7909 -- Val acc: 0.7772 -- Test acc: 0.7938
Epoch 27 | 100
Train loss: 0.4834 -- Train acc: 0.7917 -- Val acc: 0.7816 -- Test acc: 0.7958
Epoch 28 | 100
Train loss: 0.4787 -- Train acc: 0.7845 -- Val acc: 0.7716 -- Test acc: 0.7898
Epoch 29 | 100
Train loss: 0.4753 -- Train acc: 0.7625 -- Val acc: 0.7600 -- Test acc: 0.7684
Epoch 30 | 100
Train loss: 0.4771 -- Train acc: 0.7867 -- Val acc: 0.7750 -- Test acc: 0.7858
Epoch 31 | 100
Train loss: 0.4693 -- Train acc: 0.7863 -- Val acc: 0.7762 -- Test acc: 0.7902
Epoch 32 | 100
Train loss: 0.4778 -- Train acc: 0.7907 -- Val acc: 0.7796 -- Test acc: 0.7912
Epoch 33 | 100
Train loss: 0.4670 -- Train acc: 0.7763 -- Val acc: 0.7658 -- Test acc: 0.7706
Epoch 34 | 100
Train loss: 0.4695 -- Train acc: 0.7935 -- Val acc: 0.7808 -- Test acc: 0.7980
Epoch 35 | 100
Train loss: 0.4693 -- Train acc: 0.7917 -- Val acc: 0.7826 -- Test acc: 0.7950
Epoch 36 | 100
Train loss: 0.4711 -- Train acc: 0.7913 -- Val acc: 0.7752 -- Test acc: 0.7948
Epoch 37 | 100
Train loss: 0.4586 -- Train acc: 0.7997 -- Val acc: 0.7866 -- Test acc: 0.8074
Epoch 38 | 100
Train loss: 0.4718 -- Train acc: 0.7989 -- Val acc: 0.7852 -- Test acc: 0.8034
Epoch 39 | 100
Train loss: 0.4592 -- Train acc: 0.7595 -- Val acc: 0.7688 -- Test acc: 0.7716
Epoch 40 | 100
Train loss: 0.4687 -- Train acc: 0.7973 -- Val acc: 0.7832 -- Test acc: 0.8036
Epoch 41 | 100
Train loss: 0.4621 -- Train acc: 0.7949 -- Val acc: 0.7826 -- Test acc: 0.7968
Epoch 42 | 100
Train loss: 0.4553 -- Train acc: 0.7865 -- Val acc: 0.7808 -- Test acc: 0.7912
Epoch 43 | 100
Train loss: 0.4542 -- Train acc: 0.7457 -- Val acc: 0.7338 -- Test acc: 0.7446
Epoch 44 | 100
Train loss: 0.4540 -- Train acc: 0.8025 -- Val acc: 0.7920 -- Test acc: 0.8048
Epoch 45 | 100
Train loss: 0.4612 -- Train acc: 0.7964 -- Val acc: 0.7892 -- Test acc: 0.8024
Epoch 46 | 100
Train loss: 0.4541 -- Train acc: 0.7869 -- Val acc: 0.7884 -- Test acc: 0.7922
Epoch 47 | 100
Train loss: 0.4605 -- Train acc: 0.8006 -- Val acc: 0.7842 -- Test acc: 0.8012
Epoch 48 | 100
Train loss: 0.4450 -- Train acc: 0.8048 -- Val acc: 0.7966 -- Test acc: 0.8034
Epoch 49 | 100
Train loss: 0.4501 -- Train acc: 0.8065 -- Val acc: 0.7964 -- Test acc: 0.8074
Epoch 50 | 100
Train loss: 0.4501 -- Train acc: 0.7452 -- Val acc: 0.7366 -- Test acc: 0.7440
Epoch 51 | 100
Train loss: 0.4503 -- Train acc: 0.7983 -- Val acc: 0.7900 -- Test acc: 0.8022
Epoch 52 | 100
Train loss: 0.4514 -- Train acc: 0.7955 -- Val acc: 0.7884 -- Test acc: 0.7984
Epoch 53 | 100
Train loss: 0.4504 -- Train acc: 0.7869 -- Val acc: 0.7744 -- Test acc: 0.7910
Epoch 54 | 100
Train loss: 0.4430 -- Train acc: 0.8051 -- Val acc: 0.7890 -- Test acc: 0.8044
Epoch 55 | 100
Train loss: 0.4413 -- Train acc: 0.7723 -- Val acc: 0.7830 -- Test acc: 0.7848
Epoch 56 | 100
Train loss: 0.4504 -- Train acc: 0.8111 -- Val acc: 0.7930 -- Test acc: 0.8136
Epoch 57 | 100
Train loss: 0.4446 -- Train acc: 0.7957 -- Val acc: 0.7916 -- Test acc: 0.7974
Epoch 58 | 100
Train loss: 0.4352 -- Train acc: 0.8074 -- Val acc: 0.8036 -- Test acc: 0.8068
Epoch 59 | 100
Train loss: 0.4335 -- Train acc: 0.8175 -- Val acc: 0.8052 -- Test acc: 0.8126
Epoch 60 | 100
Train loss: 0.4324 -- Train acc: 0.8145 -- Val acc: 0.8048 -- Test acc: 0.8194
Epoch 61 | 100
Train loss: 0.4359 -- Train acc: 0.7913 -- Val acc: 0.7710 -- Test acc: 0.7852
Epoch 62 | 100
Train loss: 0.4398 -- Train acc: 0.7837 -- Val acc: 0.7914 -- Test acc: 0.7912
Epoch 63 | 100
Train loss: 0.4347 -- Train acc: 0.7830 -- Val acc: 0.7828 -- Test acc: 0.7868
Epoch 64 | 100
Train loss: 0.4384 -- Train acc: 0.7959 -- Val acc: 0.7910 -- Test acc: 0.8018
Epoch 65 | 100
Train loss: 0.4373 -- Train acc: 0.8127 -- Val acc: 0.7984 -- Test acc: 0.8148
Epoch 66 | 100
Train loss: 0.4339 -- Train acc: 0.8219 -- Val acc: 0.8088 -- Test acc: 0.8156
Epoch 67 | 100
Train loss: 0.4263 -- Train acc: 0.7929 -- Val acc: 0.7894 -- Test acc: 0.8014
Epoch 68 | 100
Train loss: 0.4236 -- Train acc: 0.8157 -- Val acc: 0.7986 -- Test acc: 0.8146
Epoch 69 | 100
Train loss: 0.4280 -- Train acc: 0.8105 -- Val acc: 0.8040 -- Test acc: 0.8102
Epoch 70 | 100
Train loss: 0.4340 -- Train acc: 0.8006 -- Val acc: 0.7806 -- Test acc: 0.7932
Epoch 71 | 100
Train loss: 0.4273 -- Train acc: 0.7623 -- Val acc: 0.7758 -- Test acc: 0.7758
Epoch 72 | 100
Train loss: 0.4280 -- Train acc: 0.7374 -- Val acc: 0.7272 -- Test acc: 0.7368
Epoch 73 | 100
Train loss: 0.4306 -- Train acc: 0.8153 -- Val acc: 0.8022 -- Test acc: 0.8130
Epoch 74 | 100
Train loss: 0.4229 -- Train acc: 0.8143 -- Val acc: 0.8052 -- Test acc: 0.8170
Epoch 75 | 100
Train loss: 0.4341 -- Train acc: 0.8185 -- Val acc: 0.8054 -- Test acc: 0.8200
Epoch 76 | 100
Train loss: 0.4230 -- Train acc: 0.8243 -- Val acc: 0.8136 -- Test acc: 0.8198
Epoch 77 | 100
Train loss: 0.4240 -- Train acc: 0.8048 -- Val acc: 0.7924 -- Test acc: 0.7966
Epoch 78 | 100
Train loss: 0.4250 -- Train acc: 0.8133 -- Val acc: 0.8008 -- Test acc: 0.8136
Epoch 79 | 100
Train loss: 0.4208 -- Train acc: 0.8162 -- Val acc: 0.8190 -- Test acc: 0.8234
Epoch 80 | 100
Train loss: 0.4255 -- Train acc: 0.7858 -- Val acc: 0.7936 -- Test acc: 0.8012
Epoch 81 | 100
Train loss: 0.4234 -- Train acc: 0.8161 -- Val acc: 0.8160 -- Test acc: 0.8212
Epoch 82 | 100
Train loss: 0.4202 -- Train acc: 0.8127 -- Val acc: 0.8104 -- Test acc: 0.8122
Epoch 83 | 100
Train loss: 0.4122 -- Train acc: 0.8100 -- Val acc: 0.7944 -- Test acc: 0.8026
Epoch 84 | 100
Train loss: 0.4174 -- Train acc: 0.8059 -- Val acc: 0.7952 -- Test acc: 0.8056
Epoch 85 | 100
Train loss: 0.4189 -- Train acc: 0.8210 -- Val acc: 0.8190 -- Test acc: 0.8198
Epoch 86 | 100
Train loss: 0.4098 -- Train acc: 0.8127 -- Val acc: 0.8050 -- Test acc: 0.8150
Epoch 87 | 100
Train loss: 0.4075 -- Train acc: 0.8165 -- Val acc: 0.8168 -- Test acc: 0.8228
Epoch 88 | 100
Train loss: 0.4131 -- Train acc: 0.8075 -- Val acc: 0.7874 -- Test acc: 0.7958
Epoch 89 | 100
Train loss: 0.4107 -- Train acc: 0.8293 -- Val acc: 0.8144 -- Test acc: 0.8270
Epoch 90 | 100
Train loss: 0.4161 -- Train acc: 0.8077 -- Val acc: 0.7998 -- Test acc: 0.8008
Epoch 91 | 100
Train loss: 0.4107 -- Train acc: 0.8225 -- Val acc: 0.8126 -- Test acc: 0.8254
Epoch 92 | 100
Train loss: 0.4179 -- Train acc: 0.8249 -- Val acc: 0.8112 -- Test acc: 0.8264
Epoch 93 | 100
Train loss: 0.4152 -- Train acc: 0.8189 -- Val acc: 0.8084 -- Test acc: 0.8128
Epoch 94 | 100
Train loss: 0.4194 -- Train acc: 0.8151 -- Val acc: 0.8138 -- Test acc: 0.8210
Epoch 95 | 100
Train loss: 0.4129 -- Train acc: 0.8172 -- Val acc: 0.8132 -- Test acc: 0.8230
Epoch 96 | 100
Train loss: 0.4085 -- Train acc: 0.8121 -- Val acc: 0.8114 -- Test acc: 0.8124
Epoch 97 | 100
Train loss: 0.4209 -- Train acc: 0.7693 -- Val acc: 0.7852 -- Test acc: 0.7860
Epoch 98 | 100
Train loss: 0.4151 -- Train acc: 0.8195 -- Val acc: 0.8160 -- Test acc: 0.8224
Epoch 99 | 100
Train loss: 0.4094 -- Train acc: 0.8230 -- Val acc: 0.8132 -- Test acc: 0.8188
Epoch 100 | 100
Train loss: 0.4106 -- Train acc: 0.8193 -- Val acc: 0.8066 -- Test acc: 0.8184
Training done! Elapsed time: 0:22:23

